This is pdfTeX, Version 3.141592653-2.6-1.40.22 (TeX Live 2021) (preloaded format=pdflatex 2022.1.8)  11 JAN 2022 17:49
entering extended mode
 restricted \write18 enabled.
 %&-line parsing enabled.
**TFMTeXiS.tex
(./TFMTeXiS.tex
LaTeX2e <2020-10-01> patch level 4
L3 programming layer <2021-02-18>
(/usr/local/texlive/2021/texmf-dist/tex/latex/base/book.cls
Document Class: book 2020/04/10 v1.4m Standard LaTeX document class
(/usr/local/texlive/2021/texmf-dist/tex/latex/base/bk11.clo
File: bk11.clo 2020/04/10 v1.4m Standard LaTeX file (size option)
)
\c@part=\count179
\c@chapter=\count180
\c@section=\count181
\c@subsection=\count182
\c@subsubsection=\count183
\c@paragraph=\count184
\c@subparagraph=\count185
\c@figure=\count186
\c@table=\count187
\abovecaptionskip=\skip47
\belowcaptionskip=\skip48
\bibindent=\dimen138
)
\@input{config.aux}
\openout2 = `config.aux'.

(./config.tex) (./TeXiS/TeXiS.sty
Package: TeXiS/TeXiS 

(/usr/local/texlive/2021/texmf-dist/tex/latex/tools/verbatim.sty
Package: verbatim 2020-07-07 v1.5u LaTeX2e package for verbatim enhancements
\every@verbatim=\toks15
\verbatim@line=\toks16
\verbatim@in@stream=\read2
)
\example@out=\write3

\@input{TeXiS/TeXiS_pream.aux}
\openout2 = `TeXiS/TeXiS_pream.aux'.

(./TeXiS/TeXiS_pream.tex
(/usr/local/texlive/2021/texmf-dist/tex/latex/base/shortvrb.sty
Package: shortvrb 2020/06/15 v2.1m Standard LaTeX documentation package (FMi)
)
(/usr/local/texlive/2021/texmf-dist/tex/latex/base/inputenc.sty
Package: inputenc 2020/08/01 v1.3d Input encoding file
\inpenc@prehook=\toks17
\inpenc@posthook=\toks18

(/usr/local/texlive/2021/texmf-dist/tex/latex/base/ansinew.def
File: ansinew.def 2020/08/01 v1.3d Input encoding file
))
(/usr/local/texlive/2021/texmf-dist/tex/latex/natbib/natbib.sty
Package: natbib 2010/09/13 8.31b (PWD, AO)
\bibhang=\skip49
\bibsep=\skip50
LaTeX Info: Redefining \cite on input line 694.
\c@NAT@ctr=\count188
)
(/usr/local/texlive/2021/texmf-dist/tex/generic/babel/babel.sty
Package: babel 2021/03/24 3.56 The Babel package

(/usr/local/texlive/2021/texmf-dist/tex/generic/babel/babel.def
File: babel.def 2021/03/24 3.56 Babel common definitions
\babel@savecnt=\count189
\U@D=\dimen139
\l@babelnohyphens=\language87

(/usr/local/texlive/2021/texmf-dist/tex/generic/babel/txtbabel.def)
\bbl@readstream=\read3
)
\bbl@dirlevel=\count190

(/usr/local/texlive/2021/texmf-dist/tex/generic/babel-english/english.ldf
Language: english 2017/06/06 v3.3r English support from the babel system
Package babel Info: \l@canadian = using hyphenrules for english
(babel)             (\language0) on input line 102.
Package babel Info: \l@australian = using hyphenrules for ukenglish
(babel)             (\language21) on input line 105.
Package babel Info: \l@newzealand = using hyphenrules for ukenglish
(babel)             (\language21) on input line 108.
)
(/usr/local/texlive/2021/texmf-dist/tex/generic/babel-spanish/spanish.ldf
Language: spanish.ldf 2016/03/03 v5.0p Spanish support from the babel system
\es@quottoks=\toks19
\es@quotdepth=\count191
Package babel Info: Making " an active character on input line 561.
Package babel Info: Making . an active character on input line 662.
Package babel Info: Making < an active character on input line 707.
Package babel Info: Making > an active character on input line 707.
Package babel Info: Making ' an active character on input line 725.
))
(/usr/local/texlive/2021/texmf-dist/tex/latex/url/url.sty
\Urlmuskip=\muskip16
Package: url 2013/09/16  ver 3.4  Verb mode for urls, etc.
)
(/usr/local/texlive/2021/texmf-dist/tex/generic/iftex/ifpdf.sty
Package: ifpdf 2019/10/25 v3.4 ifpdf legacy package. Use iftex instead.

(/usr/local/texlive/2021/texmf-dist/tex/generic/iftex/iftex.sty
Package: iftex 2020/03/06 v1.0d TeX engine tests
))
(/usr/local/texlive/2021/texmf-dist/tex/latex/fncychap/fncychap.sty
Package: fncychap 2007/07/30 v1.34 LaTeX package (Revised chapters)
\RW=\skip51
\mylen=\skip52
\myhi=\skip53
\px=\skip54
\py=\skip55
\pyy=\skip56
\pxx=\skip57
)
(/usr/local/texlive/2021/texmf-dist/tex/latex/hyperref/hyperref.sty
Package: hyperref 2021-02-27 v7.00k Hypertext links for LaTeX

(/usr/local/texlive/2021/texmf-dist/tex/generic/ltxcmds/ltxcmds.sty
Package: ltxcmds 2020-05-10 v1.25 LaTeX kernel commands for general use (HO)
)
(/usr/local/texlive/2021/texmf-dist/tex/generic/pdftexcmds/pdftexcmds.sty
Package: pdftexcmds 2020-06-27 v0.33 Utility functions of pdfTeX for LuaTeX (HO
)

(/usr/local/texlive/2021/texmf-dist/tex/generic/infwarerr/infwarerr.sty
Package: infwarerr 2019/12/03 v1.5 Providing info/warning/error messages (HO)
)
Package pdftexcmds Info: \pdf@primitive is available.
Package pdftexcmds Info: \pdf@ifprimitive is available.
Package pdftexcmds Info: \pdfdraftmode found.
)
(/usr/local/texlive/2021/texmf-dist/tex/latex/graphics/keyval.sty
Package: keyval 2014/10/28 v1.15 key=value parser (DPC)
\KV@toks@=\toks20
)
(/usr/local/texlive/2021/texmf-dist/tex/generic/kvsetkeys/kvsetkeys.sty
Package: kvsetkeys 2019/12/15 v1.18 Key value parser (HO)
)
(/usr/local/texlive/2021/texmf-dist/tex/generic/kvdefinekeys/kvdefinekeys.sty
Package: kvdefinekeys 2019-12-19 v1.6 Define keys (HO)
)
(/usr/local/texlive/2021/texmf-dist/tex/generic/pdfescape/pdfescape.sty
Package: pdfescape 2019/12/09 v1.15 Implements pdfTeX's escape features (HO)
)
(/usr/local/texlive/2021/texmf-dist/tex/latex/hycolor/hycolor.sty
Package: hycolor 2020-01-27 v1.10 Color options for hyperref/bookmark (HO)
)
(/usr/local/texlive/2021/texmf-dist/tex/latex/letltxmacro/letltxmacro.sty
Package: letltxmacro 2019/12/03 v1.6 Let assignment for LaTeX macros (HO)
)
(/usr/local/texlive/2021/texmf-dist/tex/latex/auxhook/auxhook.sty
Package: auxhook 2019-12-17 v1.6 Hooks for auxiliary files (HO)
)
(/usr/local/texlive/2021/texmf-dist/tex/latex/kvoptions/kvoptions.sty
Package: kvoptions 2020-10-07 v3.14 Key value format for package options (HO)
)
\@linkdim=\dimen140
\Hy@linkcounter=\count192
\Hy@pagecounter=\count193

(/usr/local/texlive/2021/texmf-dist/tex/latex/hyperref/pd1enc.def
File: pd1enc.def 2021-02-27 v7.00k Hyperref: PDFDocEncoding definition (HO)
Now handling font encoding PD1 ...
... no UTF-8 mapping file for font encoding PD1
)
(/usr/local/texlive/2021/texmf-dist/tex/latex/hyperref/hyperref-langpatches.def
File: hyperref-langpatches.def 2021-02-27 v7.00k Hyperref: patches for babel la
nguages
) (/usr/local/texlive/2021/texmf-dist/tex/generic/intcalc/intcalc.sty
Package: intcalc 2019/12/15 v1.3 Expandable calculations with integers (HO)
)
(/usr/local/texlive/2021/texmf-dist/tex/generic/etexcmds/etexcmds.sty
Package: etexcmds 2019/12/15 v1.7 Avoid name clashes with e-TeX commands (HO)
)
\Hy@SavedSpaceFactor=\count194

(/usr/local/texlive/2021/texmf-dist/tex/latex/hyperref/puenc.def
File: puenc.def 2021-02-27 v7.00k Hyperref: PDF Unicode definition (HO)
Now handling font encoding PU ...
... no UTF-8 mapping file for font encoding PU
)

Package hyperref Warning: Invalid value `0'
(hyperref)                for option `pdfborder'.
(hyperref)                Option setting is ignored on input line 4073.

Package hyperref Info: Option `hyperindex' set `true' on input line 4073.
Package hyperref Info: Option `pdfpagelabels' set `true' on input line 4073.
Package hyperref Info: Option `hypertexnames' set `false' on input line 4073.
Package hyperref Info: Hyper figures OFF on input line 4192.
Package hyperref Info: Link nesting OFF on input line 4197.
Package hyperref Info: Hyper index ON on input line 4200.
Package hyperref Info: Plain pages OFF on input line 4207.
Package hyperref Info: Backreferencing OFF on input line 4212.
Package hyperref Info: Implicit mode ON; LaTeX internals redefined.
Package hyperref Info: Bookmarks ON on input line 4445.
\c@Hy@tempcnt=\count195
LaTeX Info: Redefining \url on input line 4804.
\XeTeXLinkMargin=\dimen141
(/usr/local/texlive/2021/texmf-dist/tex/generic/bitset/bitset.sty
Package: bitset 2019/12/09 v1.3 Handle bit-vector datatype (HO)

(/usr/local/texlive/2021/texmf-dist/tex/generic/bigintcalc/bigintcalc.sty
Package: bigintcalc 2019/12/15 v1.5 Expandable calculations on big integers (HO
)
))
\Fld@menulength=\count196
\Field@Width=\dimen142
\Fld@charsize=\dimen143
Package hyperref Info: Hyper figures OFF on input line 6075.
Package hyperref Info: Link nesting OFF on input line 6080.
Package hyperref Info: Hyper index ON on input line 6083.
Package hyperref Info: backreferencing OFF on input line 6090.
Package hyperref Info: Link coloring OFF on input line 6095.
Package hyperref Info: Link coloring with OCG OFF on input line 6100.
Package hyperref Info: PDF/A mode OFF on input line 6105.
LaTeX Info: Redefining \ref on input line 6145.
LaTeX Info: Redefining \pageref on input line 6149.

(/usr/local/texlive/2021/texmf-dist/tex/latex/base/atbegshi-ltx.sty
Package: atbegshi-ltx 2020/08/17 v1.0a Emulation of the original atbegshi packa
ge
with kernel methods
)
\Hy@abspage=\count197
\c@Item=\count198
\c@Hfootnote=\count199
)
Package hyperref Info: Driver (autodetected): hpdftex.

(/usr/local/texlive/2021/texmf-dist/tex/latex/hyperref/hpdftex.def
File: hpdftex.def 2021-02-27 v7.00k Hyperref driver for pdfTeX

(/usr/local/texlive/2021/texmf-dist/tex/latex/base/atveryend-ltx.sty
Package: atveryend-ltx 2020/08/19 v1.0a Emulation of the original atvery packag
e
with kernel methods
)
\Fld@listcount=\count266
\c@bookmark@seq@number=\count267

(/usr/local/texlive/2021/texmf-dist/tex/latex/rerunfilecheck/rerunfilecheck.sty
Package: rerunfilecheck 2019/12/05 v1.9 Rerun checks for auxiliary files (HO)

(/usr/local/texlive/2021/texmf-dist/tex/generic/uniquecounter/uniquecounter.sty
Package: uniquecounter 2019/12/15 v1.4 Provide unlimited unique counter (HO)
)
Package uniquecounter Info: New unique counter `rerunfilecheck' on input line 2
86.
)
\Hy@SectionHShift=\skip58
)
Package hyperref Info: Option `colorlinks' set `false' on input line 290.
 (/usr/local/texlive/2021/texmf-dist/tex/latex/base/makeidx.sty
Package: makeidx 2014/09/29 v1.0m Standard LaTeX package
)
\@indexfile=\write4
\openout4 = `TFMTeXiS.idx'.


Writing index file TFMTeXiS.idx
(/usr/local/texlive/2021/texmf-dist/tex/latex/tools/multicol.sty
Package: multicol 2019/12/09 v1.8y multicolumn formatting (FMi)
\c@tracingmulticols=\count268
\mult@box=\box47
\multicol@leftmargin=\dimen144
\c@unbalance=\count269
\c@collectmore=\count270
\doublecol@number=\count271
\multicoltolerance=\count272
\multicolpretolerance=\count273
\full@width=\dimen145
\page@free=\dimen146
\premulticols=\dimen147
\postmulticols=\dimen148
\multicolsep=\skip59
\multicolbaselineskip=\skip60
\partial@page=\box48
\last@line=\box49
\maxbalancingoverflow=\dimen149
\mult@rightbox=\box50
\mult@grightbox=\box51
\mult@gfirstbox=\box52
\mult@firstbox=\box53
\@tempa=\box54
\@tempa=\box55
\@tempa=\box56
\@tempa=\box57
\@tempa=\box58
\@tempa=\box59
\@tempa=\box60
\@tempa=\box61
\@tempa=\box62
\@tempa=\box63
\@tempa=\box64
\@tempa=\box65
\@tempa=\box66
\@tempa=\box67
\@tempa=\box68
\@tempa=\box69
\@tempa=\box70
\@tempa=\box71
\@tempa=\box72
\@tempa=\box73
\@tempa=\box74
\@tempa=\box75
\@tempa=\box76
\@tempa=\box77
\@tempa=\box78
\@tempa=\box79
\@tempa=\box80
\@tempa=\box81
\@tempa=\box82
\@tempa=\box83
\@tempa=\box84
\@tempa=\box85
\@tempa=\box86
\@tempa=\box87
\@tempa=\box88
\@tempa=\box89
\@tempa=\box90
\c@minrows=\count274
\c@columnbadness=\count275
\c@finalcolumnbadness=\count276
\last@try=\dimen150
\multicolovershoot=\dimen151
\multicolundershoot=\dimen152
\mult@nat@firstbox=\box91
\colbreak@box=\box92
\mc@col@check@num=\count277
)
(/usr/local/texlive/2021/texmf-dist/tex/latex/subfig/subfig.sty
Package: subfig 2005/06/28 ver: 1.3 subfig package

(/usr/local/texlive/2021/texmf-dist/tex/latex/caption/caption.sty
Package: caption 2020/10/26 v3.5g Customizing captions (AR)

(/usr/local/texlive/2021/texmf-dist/tex/latex/caption/caption3.sty
Package: caption3 2020/10/21 v2.2e caption3 kernel (AR)
\captionmargin=\dimen153
\captionmargin@=\dimen154
\captionwidth=\dimen155
\caption@tempdima=\dimen156
\caption@indent=\dimen157
\caption@parindent=\dimen158
\caption@hangindent=\dimen159
Package caption Info: Standard document class detected.
)
\c@caption@flags=\count278
\c@continuedfloat=\count279
Package caption Info: hyperref package is loaded.
)
\c@KVtest=\count280
\sf@farskip=\skip61
\sf@captopadj=\dimen160
\sf@capskip=\skip62
\sf@nearskip=\skip63
\c@subfigure=\count281
\c@subfigure@save=\count282
\c@lofdepth=\count283
\c@subtable=\count284
\c@subtable@save=\count285
\c@lotdepth=\count286
\sf@top=\skip64
\sf@bottom=\skip65
)
\sf@box=\box93

(/usr/local/texlive/2021/texmf-dist/tex/latex/listings/listings.sty
\lst@mode=\count287
\lst@gtempboxa=\box94
\lst@token=\toks21
\lst@length=\count288
\lst@currlwidth=\dimen161
\lst@column=\count289
\lst@pos=\count290
\lst@lostspace=\dimen162
\lst@width=\dimen163
\lst@newlines=\count291
\lst@lineno=\count292
\lst@maxwidth=\dimen164

(/usr/local/texlive/2021/texmf-dist/tex/latex/listings/lstmisc.sty
File: lstmisc.sty 2020/03/24 1.8d (Carsten Heinz)
\c@lstnumber=\count293
\lst@skipnumbers=\count294
\lst@framebox=\box95
)
(/usr/local/texlive/2021/texmf-dist/tex/latex/listings/listings.cfg
File: listings.cfg 2020/03/24 1.8d listings configuration
))
Package: listings 2020/03/24 1.8d (Carsten Heinz)

(/usr/local/texlive/2021/texmf-dist/tex/latex/tools/tabularx.sty
Package: tabularx 2020/01/15 v2.11c `tabularx' package (DPC)

(/usr/local/texlive/2021/texmf-dist/tex/latex/tools/array.sty
Package: array 2020/10/01 v2.5c Tabular extension package (FMi)
\col@sep=\dimen165
\ar@mcellbox=\box96
\extrarowheight=\dimen166
\NC@list=\toks22
\extratabsurround=\skip66
\backup@length=\skip67
\ar@cellbox=\box97
)
\TX@col@width=\dimen167
\TX@old@table=\dimen168
\TX@old@col=\dimen169
\TX@target=\dimen170
\TX@delta=\dimen171
\TX@cols=\count295
\TX@ftn=\toks23
)
(/usr/local/texlive/2021/texmf-dist/tex/latex/base/fontenc.sty
Package: fontenc 2020/08/10 v2.0s Standard LaTeX package
)
(/usr/local/texlive/2021/texmf-dist/tex/latex/graphics/epsfig.sty
Package: epsfig 2017/06/25 v1.7b (e)psfig emulation (SPQR)

(/usr/local/texlive/2021/texmf-dist/tex/latex/graphics/graphicx.sty
Package: graphicx 2020/09/09 v1.2b Enhanced LaTeX Graphics (DPC,SPQR)

(/usr/local/texlive/2021/texmf-dist/tex/latex/graphics/graphics.sty
Package: graphics 2020/08/30 v1.4c Standard LaTeX Graphics (DPC,SPQR)

(/usr/local/texlive/2021/texmf-dist/tex/latex/graphics/trig.sty
Package: trig 2016/01/03 v1.10 sin cos tan (DPC)
)
(/usr/local/texlive/2021/texmf-dist/tex/latex/graphics-cfg/graphics.cfg
File: graphics.cfg 2016/06/04 v1.11 sample graphics configuration
)
Package graphics Info: Driver file: pdftex.def on input line 105.

(/usr/local/texlive/2021/texmf-dist/tex/latex/graphics-def/pdftex.def
File: pdftex.def 2020/10/05 v1.2a Graphics/color driver for pdftex
))
\Gin@req@height=\dimen172
\Gin@req@width=\dimen173
)
\epsfxsize=\dimen174
\epsfysize=\dimen175
)
(/usr/local/texlive/2021/texmf-dist/tex/latex/tools/calc.sty
Package: calc 2017/05/25 v4.3 Infix arithmetic (KKT,FJ)
\calc@Acount=\count296
\calc@Bcount=\count297
\calc@Adimen=\dimen176
\calc@Bdimen=\dimen177
\calc@Askip=\skip68
\calc@Bskip=\skip69
LaTeX Info: Redefining \setlength on input line 80.
LaTeX Info: Redefining \addtolength on input line 81.
\calc@Ccount=\count298
\calc@Cskip=\skip70
)
(/usr/local/texlive/2021/texmf-dist/tex/latex/titlesec/titlesec.sty
Package: titlesec 2019/10/16 v2.13 Sectioning titles
\ttl@box=\box98
\beforetitleunit=\skip71
\aftertitleunit=\skip72
\ttl@plus=\dimen178
\ttl@minus=\dimen179
\ttl@toksa=\toks24
\titlewidth=\dimen180
\titlewidthlast=\dimen181
\titlewidthfirst=\dimen182
)
(/usr/local/texlive/2021/texmf-dist/tex/latex/csquotes/csquotes.sty
Package: csquotes 2021-02-22 v5.2l context-sensitive quotations (JAW)

(/usr/local/texlive/2021/texmf-dist/tex/latex/etoolbox/etoolbox.sty
Package: etoolbox 2020/10/05 v2.5k e-TeX tools for LaTeX (JAW)
\etb@tempcnta=\count299
)
\csq@reset=\count300
\csq@gtype=\count301
\csq@glevel=\count302
\csq@qlevel=\count303
\csq@maxlvl=\count304
\csq@tshold=\count305
\csq@ltx@everypar=\toks25

(/usr/local/texlive/2021/texmf-dist/tex/latex/csquotes/csquotes.def
File: csquotes.def 2021-02-22 v5.2l csquotes generic definitions (JAW)
)
Package csquotes Info: Trying to load configuration file 'csquotes.cfg'...
Package csquotes Info: ... configuration file loaded successfully.

(/usr/local/texlive/2021/texmf-dist/tex/latex/csquotes/csquotes.cfg
File: csquotes.cfg 
))
(/usr/local/texlive/2021/texmf-dist/tex/latex/pdfpages/pdfpages.sty
Package: pdfpages 2021/03/06 v0.5t Insert pages of external PDF documents (AM)

(/usr/local/texlive/2021/texmf-dist/tex/latex/base/ifthen.sty
Package: ifthen 2014/09/29 v1.1c Standard LaTeX ifthen package (DPC)
)
(/usr/local/texlive/2021/texmf-dist/tex/latex/eso-pic/eso-pic.sty
Package: eso-pic 2020/10/14 v3.0a eso-pic (RN)
\ESO@tempdima=\dimen183
\ESO@tempdimb=\dimen184

(/usr/local/texlive/2021/texmf-dist/tex/latex/xcolor/xcolor.sty
Package: xcolor 2016/05/11 v2.12 LaTeX color extensions (UK)

(/usr/local/texlive/2021/texmf-dist/tex/latex/graphics-cfg/color.cfg
File: color.cfg 2016/01/02 v1.6 sample color configuration
)
Package xcolor Info: Driver file: pdftex.def on input line 225.
Package xcolor Info: Model `cmy' substituted by `cmy0' on input line 1348.
Package xcolor Info: Model `hsb' substituted by `rgb' on input line 1352.
Package xcolor Info: Model `RGB' extended on input line 1364.
Package xcolor Info: Model `HTML' substituted by `rgb' on input line 1366.
Package xcolor Info: Model `Hsb' substituted by `hsb' on input line 1367.
Package xcolor Info: Model `tHsb' substituted by `hsb' on input line 1368.
Package xcolor Info: Model `HSB' substituted by `hsb' on input line 1369.
Package xcolor Info: Model `Gray' substituted by `gray' on input line 1370.
Package xcolor Info: Model `wave' substituted by `hsb' on input line 1371.
))
\AM@pagewidth=\dimen185
\AM@pageheight=\dimen186
\AM@fboxrule=\dimen187

(/usr/local/texlive/2021/texmf-dist/tex/latex/pdfpages/pppdftex.def
File: pppdftex.def 2021/03/06 v0.5t Pdfpages driver for pdfTeX (AM)
)
\pdfpages@includegraphics@status=\count306
\AM@pagebox=\box99
\AM@global@opts=\toks26
\AM@pagecnt=\count307
\AM@toc@title=\toks27
\c@AM@survey=\count308
\AM@templatesizebox=\box100
)
(/usr/local/texlive/2021/texmf-dist/tex/latex/lipsum/lipsum.sty
(/usr/local/texlive/2021/texmf-dist/tex/latex/l3kernel/expl3.sty
Package: expl3 2021-02-18 L3 programming layer (loader) 

(/usr/local/texlive/2021/texmf-dist/tex/latex/l3backend/l3backend-pdftex.def
File: l3backend-pdftex.def 2021-03-18 L3 backend support: PDF output (pdfTeX)
\l__color_backend_stack_int=\count309
\l__pdf_internal_box=\box101
))
(/usr/local/texlive/2021/texmf-dist/tex/latex/l3packages/xparse/xparse.sty
(/usr/local/texlive/2021/texmf-dist/tex/latex/l3packages/xparse/xparse-2020-10-
01.sty
(/usr/local/texlive/2021/texmf-dist/tex/latex/l3packages/xparse/xparse-generic.
tex)))
Package: lipsum 2021-03-03 v2.3 150 paragraphs of Lorem Ipsum dummy text
 (/usr/local/texlive/2021/texmf-dist/tex/latex/lipsum/lipsum.ltd.tex
File: lipsum.ltd.tex 2021-03-03 v2.3 The Lorem ipsum dummy text
)))
\@input{TeXiS/TeXiS_cab.aux}
\openout2 = `TeXiS/TeXiS_cab.aux'.

(./TeXiS/TeXiS_cab.tex
(/usr/local/texlive/2021/texmf-dist/tex/latex/fancyhdr/fancyhdr.sty
Package: fancyhdr 2021/01/28 v4.0.1 Extensive control of page headers and foote
rs
\f@nch@headwidth=\skip73
\f@nch@O@elh=\skip74
\f@nch@O@erh=\skip75
\f@nch@O@olh=\skip76
\f@nch@O@orh=\skip77
\f@nch@O@elf=\skip78
\f@nch@O@erf=\skip79
\f@nch@O@olf=\skip80
\f@nch@O@orf=\skip81
))
\@input{TeXiS/TeXiS_cover.aux}
\openout2 = `TeXiS/TeXiS_cover.aux'.

(./TeXiS/TeXiS_cover.tex)
\@input{TeXiS/TeXiS_dedic.aux}
\openout2 = `TeXiS/TeXiS_dedic.aux'.

(./TeXiS/TeXiS_dedic.tex)
\@input{TeXiS/TeXiS_bib.aux}
\openout2 = `TeXiS/TeXiS_bib.aux'.

(./TeXiS/TeXiS_bib.tex))
\@input{constantes.aux}
\openout2 = `constantes.aux'.

(./constantes.tex)
Package csquotes Info: Checking for multilingual support...
Package csquotes Info: ... found 'babel' package.
Package csquotes Info: Adjusting default style.
Package csquotes Info: Redefining alias 'default' -> 'spanish'.
 (./TFMTeXiS.aux (./Cascaras/cover.aux)
LaTeX Info: Redefining \. on input line 27.
LaTeX Info: Redefining \% on input line 27.

(./Cascaras/autorizacion.aux) (./Cascaras/dedicatoria.aux)
(./Cascaras/agradecimientos.aux) (./Cascaras/resumen.aux)
(./Cascaras/abstract.aux) (./TeXiS/TeXiS_toc.aux)
LaTeX Info: Redefining \. on input line 35.
LaTeX Info: Redefining \% on input line 35.
 (./Capitulos/Introduccion.aux) (./Capitulos/Introduction.aux) (./Capitulos/Est
adoDeLaCuestion.aux)
LaTeX Info: Redefining \. on input line 40.
LaTeX Info: Redefining \% on input line 40.

(./Capitulos/PropuestaDelTFG.aux) (./Capitulos/Evaluaciones.aux)
(./Capitulos/ConclusionesTrabajoFuturo.aux)
(./Capitulos/ConclusionsFutureWork.aux) (./Capitulos/TrabajoIndividual.aux)
LaTeX Info: Redefining \. on input line 47.
LaTeX Info: Redefining \% on input line 47.

(./Apendices/appendixA.aux) (./Apendices/appendixB.aux)
(./Cascaras/bibliografia.aux) (./Cascaras/fin.aux))
\openout1 = `TFMTeXiS.aux'.

LaTeX Font Info:    Checking defaults for OML/cmm/m/it on input line 104.
LaTeX Font Info:    ... okay on input line 104.
LaTeX Font Info:    Checking defaults for OMS/cmsy/m/n on input line 104.
LaTeX Font Info:    ... okay on input line 104.
LaTeX Font Info:    Checking defaults for OT1/cmr/m/n on input line 104.
LaTeX Font Info:    ... okay on input line 104.
LaTeX Font Info:    Checking defaults for T1/cmr/m/n on input line 104.
LaTeX Font Info:    ... okay on input line 104.
LaTeX Font Info:    Checking defaults for TS1/cmr/m/n on input line 104.
LaTeX Font Info:    ... okay on input line 104.
LaTeX Font Info:    Checking defaults for OMX/cmex/m/n on input line 104.
LaTeX Font Info:    ... okay on input line 104.
LaTeX Font Info:    Checking defaults for U/cmr/m/n on input line 104.
LaTeX Font Info:    ... okay on input line 104.
LaTeX Font Info:    Checking defaults for PD1/pdf/m/n on input line 104.
LaTeX Font Info:    ... okay on input line 104.
LaTeX Font Info:    Checking defaults for PU/pdf/m/n on input line 104.
LaTeX Font Info:    ... okay on input line 104.
LaTeX Info: Redefining \. on input line 104.
LaTeX Info: Redefining \% on input line 104.
Package hyperref Info: Link coloring OFF on input line 104.

(/usr/local/texlive/2021/texmf-dist/tex/latex/hyperref/nameref.sty
Package: nameref 2021-04-02 v2.47 Cross-referencing by name of section

(/usr/local/texlive/2021/texmf-dist/tex/latex/refcount/refcount.sty
Package: refcount 2019/12/15 v3.6 Data extraction from label references (HO)
)
(/usr/local/texlive/2021/texmf-dist/tex/generic/gettitlestring/gettitlestring.s
ty
Package: gettitlestring 2019/12/15 v1.6 Cleanup title references (HO)
)
\c@section@level=\count310
)
LaTeX Info: Redefining \ref on input line 104.
LaTeX Info: Redefining \pageref on input line 104.
LaTeX Info: Redefining \nameref on input line 104.
 (./TFMTeXiS.out) (./TFMTeXiS.out)
\@outlinefile=\write5
\openout5 = `TFMTeXiS.out'.

Package caption Info: Begin \AtBeginDocument code.
Package caption Info: subfig package v1.3 is loaded.
Package caption Info: listings package is loaded.
Package caption Info: End \AtBeginDocument code.
\c@lstlisting=\count311

(/usr/local/texlive/2021/texmf-dist/tex/context/base/mkii/supp-pdf.mkii
[Loading MPS to PDF converter (version 2006.09.02).]
\scratchcounter=\count312
\scratchdimen=\dimen188
\scratchbox=\box102
\nofMPsegments=\count313
\nofMParguments=\count314
\everyMPshowfont=\toks28
\MPscratchCnt=\count315
\MPscratchDim=\dimen189
\MPnumerator=\count316
\makeMPintoPDFobject=\count317
\everyMPtoPDFconversion=\toks29
) (/usr/local/texlive/2021/texmf-dist/tex/latex/epstopdf-pkg/epstopdf-base.sty
Package: epstopdf-base 2020-01-24 v2.11 Base part for package epstopdf
Package epstopdf-base Info: Redefining graphics rule for `.eps' on input line 4
85.

(/usr/local/texlive/2021/texmf-dist/tex/latex/latexconfig/epstopdf-sys.cfg
File: epstopdf-sys.cfg 2010/07/13 v1.3 Configuration of (r)epstopdf for TeX Liv
e
))
(/usr/local/texlive/2021/texmf-dist/tex/latex/pdflscape/pdflscape.sty
Package: pdflscape 2019/12/05 v0.12 Display of landscape pages in PDF (HO)

(/usr/local/texlive/2021/texmf-dist/tex/latex/graphics/lscape.sty
Package: lscape 2020/05/28 v3.02 Landscape Pages (DPC)
)
Package pdflscape Info: Auto-detected driver: pdftex on input line 81.
)
(./guionado.tex)
\openout2 = `Cascaras/cover.aux'.

 (./Cascaras/cover.tex
\cambioIzquierdo=\skip82
\cambioDerecho=\skip83
\margenPortada=\skip84
\evensidemarginOriginal=\skip85
\oddsidemarginOriginal=\skip86
\longTitulo=\skip87
<Imagenes/Vectorial/escudoUCM.pdf, id=281, 597.23125pt x 844.15375pt>
File: Imagenes/Vectorial/escudoUCM.pdf Graphic file (type pdf)
<use Imagenes/Vectorial/escudoUCM.pdf>
Package pdftex.def Info: Imagenes/Vectorial/escudoUCM.pdf  used on input line 1
58.
(pdftex.def)             Requested size: 119.44412pt x 168.82776pt.
\c@lastyear=\count318
 [1
























{/usr/local/texlive/2021/texmf-var/fonts/map/pdftex/updmap/pdftex.map} <./Image
nes/Vectorial/escudoUCM.pdf>] [2]
[3])
\openout2 = `Cascaras/autorizacion.aux'.

 (./Cascaras/autorizacion.tex [4




]) [5]
\openout2 = `Cascaras/dedicatoria.aux'.

 (./Cascaras/dedicatoria.tex [6




])
[7]
\openout2 = `Cascaras/agradecimientos.aux'.

 (./Cascaras/agradecimientos.tex [8




]) [9]
\openout2 = `Cascaras/resumen.aux'.

 (./Cascaras/resumen.tex [10




])
[11]
\openout2 = `Cascaras/abstract.aux'.

 (./Cascaras/abstract.tex [12




]) [13]
LaTeX Info: Redefining \. on input line 124.
LaTeX Info: Redefining \% on input line 124.
\openout2 = `TeXiS/TeXiS_toc.aux'.

 (./TeXiS/TeXiS_toc.tex [14




]
(./TFMTeXiS.toc
LaTeX Info: Redefining \. on input line 1.
LaTeX Info: Redefining \% on input line 1.
LaTeX Info: Redefining \. on input line 3.
LaTeX Info: Redefining \% on input line 3.
LaTeX Font Info:    External font `cmex10' loaded for size
(Font)              <10.95> on input line 5.
LaTeX Font Info:    External font `cmex10' loaded for size
(Font)              <8> on input line 5.
LaTeX Font Info:    External font `cmex10' loaded for size
(Font)              <6> on input line 5.

Overfull \hbox (14.04448pt too wide) in paragraph at lines 16--16
 [][] [][]\T1/cmr/m/n/10.95 Generación de his-to-rias a par-tir de una base de 
conocimiento[] [][]  
 []

LaTeX Info: Redefining \. on input line 20.
LaTeX Info: Redefining \% on input line 20.

Underfull \vbox (badness 1859) has occurred while \output is active []

 [15]
LaTeX Info: Redefining \. on input line 38.
LaTeX Info: Redefining \% on input line 38.

Underfull \vbox (badness 3364) has occurred while \output is active []

 [16])
\tf@toc=\write6
\openout6 = `TFMTeXiS.toc'.


[17] [18

] (./TFMTeXiS.lof
LaTeX Info: Redefining \. on input line 1.
LaTeX Info: Redefining \% on input line 1.
LaTeX Info: Redefining \. on input line 3.
LaTeX Info: Redefining \% on input line 3.
 [19]
LaTeX Info: Redefining \. on input line 37.
LaTeX Info: Redefining \% on input line 37.
LaTeX Info: Redefining \. on input line 44.
LaTeX Info: Redefining \% on input line 44.
)
\tf@lof=\write7
\openout7 = `TFMTeXiS.lof'.

 [20] (./TFMTeXiS.lot
LaTeX Info: Redefining \. on input line 1.
LaTeX Info: Redefining \% on input line 1.
LaTeX Info: Redefining \. on input line 3.
LaTeX Info: Redefining \% on input line 3.
LaTeX Info: Redefining \. on input line 8.
LaTeX Info: Redefining \% on input line 8.
LaTeX Info: Redefining \. on input line 15.
LaTeX Info: Redefining \% on input line 15.
)
\tf@lot=\write8
\openout8 = `TFMTeXiS.lot'.

 [21

]) [22



]
\openout2 = `Capitulos/Introduccion.aux'.


(./Capitulos/Introduccion.tex
Cap\'itulo 1.
LaTeX Font Info:    Trying to load font information for OT1+phv on input line 3
.
(/usr/local/texlive/2021/texmf-dist/tex/latex/psnfss/ot1phv.fd
File: ot1phv.fd 2020/03/25 scalable font definitions for OT1/phv.
)
LaTeX Font Info:    Trying to load font information for OT1+ptm on input line 3
.

(/usr/local/texlive/2021/texmf-dist/tex/latex/psnfss/ot1ptm.fd
File: ot1ptm.fd 2001/06/04 font definitions for OT1/ptm.
)
Underfull \hbox (badness 10000) in paragraph at lines 13--15

 []


Underfull \hbox (badness 10000) in paragraph at lines 16--17

 []

[1


]
Underfull \hbox (badness 10000) in paragraph at lines 27--28

 []


Underfull \hbox (badness 10000) in paragraph at lines 31--32

 []

LaTeX Info: Redefining \. on input line 32.
LaTeX Info: Redefining \% on input line 32.
[2]
Underfull \hbox (badness 10000) in paragraph at lines 33--34

 []

LaTeX Info: Redefining \. on input line 59.
LaTeX Info: Redefining \% on input line 59.
[3])
LaTeX Info: Redefining \. on input line 137.
LaTeX Info: Redefining \% on input line 137.
 [4]
\openout2 = `Capitulos/Introduction.aux'.

 (./Capitulos/Introduction.tex
Chapter 1.
) [5




]
LaTeX Info: Redefining \. on input line 144.
LaTeX Info: Redefining \% on input line 144.
\openout2 = `Capitulos/EstadoDeLaCuestion.aux'.

 (./Capitulos/EstadoDeLaCuestion.tex [6




]
Cap\'itulo 2.
LaTeX Font Info:    External font `cmex10' loaded for size
(Font)              <9> on input line 12.
LaTeX Font Info:    External font `cmex10' loaded for size
(Font)              <5> on input line 12.
[7]
Underfull \hbox (badness 10000) in paragraph at lines 26--27

 []


Underfull \hbox (badness 10000) in paragraph at lines 36--37

 []

LaTeX Info: Redefining \. on input line 56.
LaTeX Info: Redefining \% on input line 56.
[8]
Underfull \hbox (badness 10000) in paragraph at lines 73--73
[][][]\T1/cmr/m/n/9 https://www.universidadviu.com/es/actualidad/nuestros-exper
tos/como-identificar-
 []


Underfull \hbox (badness 10000) in paragraph at lines 80--80
[][][]\T1/cmr/m/n/9 Rebeca Gon-za-lez Le-chu-ga. ¾Qué es la Te-ra-pia de Re-
 []


Underfull \hbox (badness 10000) in paragraph at lines 80--80
\T1/cmr/m/n/9 mi-nis-cen-cia y có-mo se pue-de rea-li-zar?. 2018. Dis-po-ni-ble
 en:
 []


Underfull \hbox (badness 10000) in paragraph at lines 80--80
\T1/cmr/m/n/9 https://www.estimulacioncognitiva.info/2018/04/11/qu$ $%C3$ $%A9-
es-la-terapia-de-
 []

LaTeX Info: Redefining \. on input line 81.
LaTeX Info: Redefining \% on input line 81.
[9]
LaTeX Info: Redefining \. on input line 107.
LaTeX Info: Redefining \% on input line 107.
 [10]
LaTeX Info: Redefining \. on input line 133.
LaTeX Info: Redefining \% on input line 133.
 [11]
LaTeX Info: Redefining \. on input line 156.
LaTeX Info: Redefining \% on input line 156.
 [12]
<./Imagenes/Figuras/figura 2.1.png, id=634, 426.75893pt x 178.1751pt>
File: ./Imagenes/Figuras/figura 2.1.png Graphic file (type png)
<use ./Imagenes/Figuras/figura 2.1.png>
Package pdftex.def Info: ./Imagenes/Figuras/figura 2.1.png  used on input line 
161.
(pdftex.def)             Requested size: 199.16928pt x 83.15504pt.
<./Imagenes/Figuras/figura 2.2.png, id=638, 426.75893pt x 176.81151pt>
File: ./Imagenes/Figuras/figura 2.2.png Graphic file (type png)
<use ./Imagenes/Figuras/figura 2.2.png>
Package pdftex.def Info: ./Imagenes/Figuras/figura 2.2.png  used on input line 
169.
(pdftex.def)             Requested size: 426.79134pt x 176.82724pt.

Overfull \hbox (66.79134pt too wide) in paragraph at lines 169--170
 [][] 
 []

<./Imagenes/Figuras/figura 2.3.png, id=639, 426.75893pt x 248.62698pt>
File: ./Imagenes/Figuras/figura 2.3.png Graphic file (type png)
<use ./Imagenes/Figuras/figura 2.3.png>
Package pdftex.def Info: ./Imagenes/Figuras/figura 2.3.png  used on input line 
176.
(pdftex.def)             Requested size: 341.43306pt x 198.91702pt.
<./Imagenes/Figuras/figura 2.4.png, id=642, 426.75893pt x 307.26114pt>
File: ./Imagenes/Figuras/figura 2.4.png Graphic file (type png)
<use ./Imagenes/Figuras/figura 2.4.png>
Package pdftex.def Info: ./Imagenes/Figuras/figura 2.4.png  used on input line 
184.
(pdftex.def)             Requested size: 199.16928pt x 143.40005pt.
LaTeX Info: Redefining \. on input line 188.
LaTeX Info: Redefining \% on input line 188.
[13 <./Imagenes/Figuras/figura 2.1.png> <./Imagenes/Figuras/figura 2.2.png>]
<./Imagenes/Figuras/figura 2.5.png, id=649, 222.8325pt x 550.30594pt>
File: ./Imagenes/Figuras/figura 2.5.png Graphic file (type png)
<use ./Imagenes/Figuras/figura 2.5.png>
Package pdftex.def Info: ./Imagenes/Figuras/figura 2.5.png  used on input line 
191.
(pdftex.def)             Requested size: 142.26378pt x 351.3381pt.
LaTeX Info: Redefining \. on input line 198.
LaTeX Info: Redefining \% on input line 198.

[14 <./Imagenes/Figuras/figura 2.3.png> <./Imagenes/Figuras/figura 2.4.png>]
Underfull \vbox (badness 10000) has occurred while \output is active []

LaTeX Info: Redefining \. on input line 202.
LaTeX Info: Redefining \% on input line 202.
 [15 <./Imagenes/Figuras/figura 2.5.png>]
Underfull \hbox (badness 10000) in paragraph at lines 205--206

 []

<./Imagenes/Figuras/2.1.png, id=665, 408.02437pt x 266.9975pt>
File: ./Imagenes/Figuras/2.1.png Graphic file (type png)
<use ./Imagenes/Figuras/2.1.png>
Package pdftex.def Info: ./Imagenes/Figuras/2.1.png  used on input line 210.
(pdftex.def)             Requested size: 251.9989pt x 164.90117pt.

Underfull \hbox (badness 10000) in paragraph at lines 207--214

 []

LaTeX Info: Redefining \. on input line 216.
LaTeX Info: Redefining \% on input line 216.
[16 <./Imagenes/Figuras/2.1.png>]
Underfull \hbox (badness 10000) in paragraph at lines 216--217

 []

<./Imagenes/Figuras/figura 2.6.4.png, id=673, 360.34625pt x 200.75pt>
File: ./Imagenes/Figuras/figura 2.6.4.png Graphic file (type png)
<use ./Imagenes/Figuras/figura 2.6.4.png>
Package pdftex.def Info: ./Imagenes/Figuras/figura 2.6.4.png  used on input lin
e 220.
(pdftex.def)             Requested size: 251.9989pt x 140.38925pt.

Underfull \hbox (badness 10000) in paragraph at lines 225--226

 []

<./Imagenes/Figuras/figura 2.6.5.png, id=677, 384.43625pt x 224.33812pt>
File: ./Imagenes/Figuras/figura 2.6.5.png Graphic file (type png)
<use ./Imagenes/Figuras/figura 2.6.5.png>
Package pdftex.def Info: ./Imagenes/Figuras/figura 2.6.5.png  used on input lin
e 229.
(pdftex.def)             Requested size: 251.9989pt x 147.05722pt.
<./Imagenes/Figuras/figura 2.6.6.png, id=678, 379.4175pt x 224.84pt>
File: ./Imagenes/Figuras/figura 2.6.6.png Graphic file (type png)
<use ./Imagenes/Figuras/figura 2.6.6.png>
Package pdftex.def Info: ./Imagenes/Figuras/figura 2.6.6.png  used on input lin
e 236.
(pdftex.def)             Requested size: 251.9989pt x 149.33488pt.
<./Imagenes/Figuras/figura 2.6.7.png, id=679, 368.87813pt x 293.59688pt>
File: ./Imagenes/Figuras/figura 2.6.7.png Graphic file (type png)
<use ./Imagenes/Figuras/figura 2.6.7.png>
Package pdftex.def Info: ./Imagenes/Figuras/figura 2.6.7.png  used on input lin
e 242.
(pdftex.def)             Requested size: 251.9989pt x 200.57057pt.

Underfull \hbox (badness 10000) in paragraph at lines 247--248

 []

<./Imagenes/Figuras/figura 2.6.8.png, id=683, 550.055pt x 303.1325pt>
File: ./Imagenes/Figuras/figura 2.6.8.png Graphic file (type png)
<use ./Imagenes/Figuras/figura 2.6.8.png>
Package pdftex.def Info: ./Imagenes/Figuras/figura 2.6.8.png  used on input lin
e 251.
(pdftex.def)             Requested size: 360.0pt x 198.39828pt.
<./Imagenes/Figuras/figura 2.6.9.png, id=684, 538.01pt x 291.0875pt>
File: ./Imagenes/Figuras/figura 2.6.9.png Graphic file (type png)
<use ./Imagenes/Figuras/figura 2.6.9.png>
Package pdftex.def Info: ./Imagenes/Figuras/figura 2.6.9.png  used on input lin
e 257.
(pdftex.def)             Requested size: 360.0pt x 194.77887pt.
<./Imagenes/Figuras/figura 2.6.10.png, id=685, 370.88562pt x 273.02pt>
File: ./Imagenes/Figuras/figura 2.6.10.png Graphic file (type png)
<use ./Imagenes/Figuras/figura 2.6.10.png>
Package pdftex.def Info: ./Imagenes/Figuras/figura 2.6.10.png  used on input li
ne 263.
(pdftex.def)             Requested size: 360.0pt x 265.01237pt.

Underfull \hbox (badness 10000) in paragraph at lines 273--275

 []

LaTeX Info: Redefining \. on input line 275.
LaTeX Info: Redefining \% on input line 275.
[17 <./Imagenes/Figuras/figura 2.6.4.png>]
LaTeX Info: Redefining \. on input line 283.
LaTeX Info: Redefining \% on input line 283.
 [18 <./Imagenes/Figuras/figura 2.6.5.png> <./Imagenes/Figuras/figura 2.6.6.png
>]
LaTeX Info: Redefining \. on input line 291.
LaTeX Info: Redefining \% on input line 291.
 [19 <./Imagenes/Figuras/figura 2.6.7.png> <./Imagenes/Figuras/figura 2.6.8.png
>]
LaTeX Info: Redefining \. on input line 298.
LaTeX Info: Redefining \% on input line 298.
 [20 <./Imagenes/Figuras/figura 2.6.9.png> <./Imagenes/Figuras/figura 2.6.10.pn
g>]
LaTeX Info: Redefining \. on input line 352.
LaTeX Info: Redefining \% on input line 352.
 [21]
<./Imagenes/Figuras/movil_menu.PNG, id=719, 483.0045pt x 317.988pt>
File: ./Imagenes/Figuras/movil_menu.PNG Graphic file (type png)
<use ./Imagenes/Figuras/movil_menu.PNG>
Package pdftex.def Info: ./Imagenes/Figuras/movil_menu.PNG  used on input line 
365.
(pdftex.def)             Requested size: 338.10083pt x 222.59007pt.
LaTeX Info: Redefining \. on input line 371.
LaTeX Info: Redefining \% on input line 371.
 [22 <./Imagenes/Figuras/movil_menu.PNG>]
<./Imagenes/Figuras/movil_nuevo_paciente.PNG, id=726, 484.81125pt x 322.806pt>
File: ./Imagenes/Figuras/movil_nuevo_paciente.PNG Graphic file (type png)
<use ./Imagenes/Figuras/movil_nuevo_paciente.PNG>
Package pdftex.def Info: ./Imagenes/Figuras/movil_nuevo_paciente.PNG  used on i
nput line 375.
(pdftex.def)             Requested size: 339.36555pt x 225.96265pt.
<./Imagenes/Figuras/movil_evaluacion_clinica.PNG, id=728, 482.40225pt x 322.203
75pt>
File: ./Imagenes/Figuras/movil_evaluacion_clinica.PNG Graphic file (type png)
<use ./Imagenes/Figuras/movil_evaluacion_clinica.PNG>
Package pdftex.def Info: ./Imagenes/Figuras/movil_evaluacion_clinica.PNG  used 
on input line 385.
(pdftex.def)             Requested size: 337.67926pt x 225.54108pt.
<./Imagenes/Figuras/movil_nuevo_terapeuta.PNG, id=730, 309.5565pt x 416.757pt>
File: ./Imagenes/Figuras/movil_nuevo_terapeuta.PNG Graphic file (type png)
<use ./Imagenes/Figuras/movil_nuevo_terapeuta.PNG>
Package pdftex.def Info: ./Imagenes/Figuras/movil_nuevo_terapeuta.PNG  used on 
input line 395.
(pdftex.def)             Requested size: 216.68806pt x 291.7279pt.
<./Imagenes/Figuras/movil_buscar_paciente.PNG, id=734, 413.1435pt x 274.02374pt
>
File: ./Imagenes/Figuras/movil_buscar_paciente.PNG Graphic file (type png)
<use ./Imagenes/Figuras/movil_buscar_paciente.PNG>
Package pdftex.def Info: ./Imagenes/Figuras/movil_buscar_paciente.PNG  used on 
input line 405.
(pdftex.def)             Requested size: 289.19846pt x 191.8153pt.
<./Imagenes/Figuras/movil_recuerdos.PNG, id=735, 413.74574pt x 275.8305pt>
File: ./Imagenes/Figuras/movil_recuerdos.PNG Graphic file (type png)
<use ./Imagenes/Figuras/movil_recuerdos.PNG>
Package pdftex.def Info: ./Imagenes/Figuras/movil_recuerdos.PNG  used on input 
line 411.
(pdftex.def)             Requested size: 289.62004pt x 193.08002pt.
<./Imagenes/Figuras/movil_relaciones.PNG, id=736, 203.5605pt x 272.81924pt>
File: ./Imagenes/Figuras/movil_relaciones.PNG Graphic file (type png)
<use ./Imagenes/Figuras/movil_relaciones.PNG>
Package pdftex.def Info: ./Imagenes/Figuras/movil_relaciones.PNG  used on input
 line 417.
(pdftex.def)             Requested size: 142.49136pt x 190.97217pt.
<./Imagenes/Figuras/movil_editar_usuario.PNG, id=739, 480.5955pt x 322.20375pt>

File: ./Imagenes/Figuras/movil_editar_usuario.PNG Graphic file (type png)
<use ./Imagenes/Figuras/movil_editar_usuario.PNG>
Package pdftex.def Info: ./Imagenes/Figuras/movil_editar_usuario.PNG  used on i
nput line 426.
(pdftex.def)             Requested size: 336.41455pt x 225.54108pt.
<./Imagenes/Figuras/movil_recuerdo_paciente.PNG, id=740, 479.99326pt x 320.9992
5pt>
File: ./Imagenes/Figuras/movil_recuerdo_paciente.PNG Graphic file (type png)
<use ./Imagenes/Figuras/movil_recuerdo_paciente.PNG>
Package pdftex.def Info: ./Imagenes/Figuras/movil_recuerdo_paciente.PNG  used o
n input line 432.
(pdftex.def)             Requested size: 335.99298pt x 224.69794pt.
<./Imagenes/Figuras/movil_editar_terapeuta.PNG, id=742, 255.95625pt x 342.68025
pt>
File: ./Imagenes/Figuras/movil_editar_terapeuta.PNG Graphic file (type png)
<use ./Imagenes/Figuras/movil_editar_terapeuta.PNG>
Package pdftex.def Info: ./Imagenes/Figuras/movil_editar_terapeuta.PNG  used on
 input line 441.
(pdftex.def)             Requested size: 179.16814pt x 239.87454pt.

Underfull \hbox (badness 10000) in paragraph at lines 446--447

 []

<./Imagenes/Figuras/movil_informacion_adicional.PNG, id=745, 481.8pt x 322.806p
t>
File: ./Imagenes/Figuras/movil_informacion_adicional.PNG Graphic file (type png
)
<use ./Imagenes/Figuras/movil_informacion_adicional.PNG>
Package pdftex.def Info: ./Imagenes/Figuras/movil_informacion_adicional.PNG  us
ed on input line 450.
(pdftex.def)             Requested size: 337.25769pt x 225.96265pt.
<./Imagenes/Figuras/movil_informacion_adicional_2.PNG, id=746, 252.945pt x 342.
078pt>
File: ./Imagenes/Figuras/movil_informacion_adicional_2.PNG Graphic file (type p
ng)
<use ./Imagenes/Figuras/movil_informacion_adicional_2.PNG>
Package pdftex.def Info: ./Imagenes/Figuras/movil_informacion_adicional_2.PNG  
used on input line 454.
(pdftex.def)             Requested size: 177.06029pt x 239.45296pt.

Underfull \hbox (badness 10000) in paragraph at lines 459--460

 []

LaTeX Info: Redefining \. on input line 460.
LaTeX Info: Redefining \% on input line 460.
[23 <./Imagenes/Figuras/movil_nuevo_paciente.PNG>]
<./Imagenes/Figuras/movil_multimedia.PNG, id=753, 254.75175pt x 342.078pt>
File: ./Imagenes/Figuras/movil_multimedia.PNG Graphic file (type png)
<use ./Imagenes/Figuras/movil_multimedia.PNG>
Package pdftex.def Info: ./Imagenes/Figuras/movil_multimedia.PNG  used on input
 line 463.
(pdftex.def)             Requested size: 178.325pt x 239.45296pt.
<./Imagenes/Figuras/movil_historia_vida.PNG, id=755, 481.19775pt x 278.84175pt>

File: ./Imagenes/Figuras/movil_historia_vida.PNG Graphic file (type png)
<use ./Imagenes/Figuras/movil_historia_vida.PNG>
Package pdftex.def Info: ./Imagenes/Figuras/movil_historia_vida.PNG  used on in
put line 472.
(pdftex.def)             Requested size: 336.83614pt x 195.18788pt.
<./Imagenes/Figuras/movil_personas_contacto.PNG, id=757, 481.19775pt x 320.397p
t>
File: ./Imagenes/Figuras/movil_personas_contacto.PNG Graphic file (type png)
<use ./Imagenes/Figuras/movil_personas_contacto.PNG>
Package pdftex.def Info: ./Imagenes/Figuras/movil_personas_contacto.PNG  used o
n input line 481.
(pdftex.def)             Requested size: 336.83614pt x 224.27637pt.

Underfull \hbox (badness 10000) in paragraph at lines 486--487

 []

<./Imagenes/Figuras/movil_usuarios_terapeuta.PNG, id=759, 253.54726pt x 340.271
26pt>
File: ./Imagenes/Figuras/movil_usuarios_terapeuta.PNG Graphic file (type png)
<use ./Imagenes/Figuras/movil_usuarios_terapeuta.PNG>
Package pdftex.def Info: ./Imagenes/Figuras/movil_usuarios_terapeuta.PNG  used 
on input line 490.
(pdftex.def)             Requested size: 177.48184pt x 238.18825pt.
LaTeX Info: Redefining \. on input line 505.
LaTeX Info: Redefining \% on input line 505.
[24 <./Imagenes/Figuras/movil_evaluacion_clinica.PNG>]
LaTeX Info: Redefining \. on input line 506.
LaTeX Info: Redefining \% on input line 506.
 [25 <./Imagenes/Figuras/movil_nuevo_terapeuta.PNG> <./Imagenes/Figuras/movil_b
uscar_paciente.PNG>])
LaTeX Info: Redefining \. on input line 149.
LaTeX Info: Redefining \% on input line 149.

[26 <./Imagenes/Figuras/movil_recuerdos.PNG> <./Imagenes/Figuras/movil_relacion
es.PNG>]
LaTeX Info: Redefining \. on input line 149.
LaTeX Info: Redefining \% on input line 149.
 [27 <./Imagenes/Figuras/movil_editar_usuario.PNG> <./Imagenes/Figuras/movil_re
cuerdo_paciente.PNG>]
LaTeX Info: Redefining \. on input line 149.
LaTeX Info: Redefining \% on input line 149.
 [28 <./Imagenes/Figuras/movil_editar_terapeuta.PNG>]
LaTeX Info: Redefining \. on input line 149.
LaTeX Info: Redefining \% on input line 149.
 [29 <./Imagenes/Figuras/movil_informacion_adicional.PNG> <./Imagenes/Figuras/m
ovil_informacion_adicional_2.PNG>]
LaTeX Info: Redefining \. on input line 149.
LaTeX Info: Redefining \% on input line 149.
 [30 <./Imagenes/Figuras/movil_multimedia.PNG> <./Imagenes/Figuras/movil_histor
ia_vida.PNG>]
LaTeX Info: Redefining \. on input line 149.
LaTeX Info: Redefining \% on input line 149.
 [31 <./Imagenes/Figuras/movil_personas_contacto.PNG> <./Imagenes/Figuras/movil
_usuarios_terapeuta.PNG>]
\openout2 = `Capitulos/PropuestaDelTFG.aux'.


(./Capitulos/PropuestaDelTFG.tex [32




]
Cap\'itulo 3.
[33]
LaTeX Info: Redefining \. on input line 48.
LaTeX Info: Redefining \% on input line 48.
 [34]
Overfull \hbox (12.85532pt too wide) in paragraph at lines 48--49
\T1/cmr/m/n/10.95 cha?¾Alfabéticamente? ¾Re-cuer-dos or-de-na-dos por eti-que-t
as(Familia,
 []


Underfull \hbox (badness 10000) in paragraph at lines 56--56
[][][]\T1/cmr/m/n/9 https://drive.google.com/file/d/1_CZ86xjh8Vm4PwV1afp1xr2XV3
lp5a9-
 []

LaTeX Info: Redefining \. on input line 66.
LaTeX Info: Redefining \% on input line 66.
[35]
LaTeX Info: Redefining \. on input line 77.
LaTeX Info: Redefining \% on input line 77.
 [36]
Underfull \hbox (badness 10000) in paragraph at lines 88--89

 []


Underfull \hbox (badness 10000) in paragraph at lines 90--91

 []


Underfull \hbox (badness 10000) in paragraph at lines 92--93

 []


Underfull \hbox (badness 10000) in paragraph at lines 94--96

 []

LaTeX Info: Redefining \. on input line 96.
LaTeX Info: Redefining \% on input line 96.
[37]
Underfull \hbox (badness 10000) in paragraph at lines 97--98

 []


Underfull \hbox (badness 10000) in paragraph at lines 99--100

 []


Underfull \hbox (badness 10000) in paragraph at lines 101--102

 []


Underfull \hbox (badness 10000) in paragraph at lines 103--104

 []


Underfull \vbox (badness 10000) has occurred while \output is active []

LaTeX Info: Redefining \. on input line 105.
LaTeX Info: Redefining \% on input line 105.
 [38]
LaTeX Font Info:    Trying to load font information for T1+cmtt on input line 1
05.

(/usr/local/texlive/2021/texmf-dist/tex/latex/base/t1cmtt.fd
File: t1cmtt.fd 2019/12/16 v2.5j Standard LaTeX font definitions
)
LaTeX Info: Redefining \. on input line 141.
LaTeX Info: Redefining \% on input line 141.
 [39]
LaTeX Info: Redefining \. on input line 178.
LaTeX Info: Redefining \% on input line 178.
 [40]
LaTeX Info: Redefining \. on input line 205.
LaTeX Info: Redefining \% on input line 205.

[41]
LaTeX Info: Redefining \. on input line 231.
LaTeX Info: Redefining \% on input line 231.
 [42])
LaTeX Info: Redefining \. on input line 150.
LaTeX Info: Redefining \% on input line 150.
 [43]
\openout2 = `Capitulos/Evaluaciones.aux'.

 (./Capitulos/Evaluaciones.tex [44




]
Cap\'itulo 4.
) [45]
\openout2 = `Capitulos/ConclusionesTrabajoFuturo.aux'.

 (./Capitulos/ConclusionesTrabajoFuturo.tex [46




]
Cap\'itulo 5.
) [47]
\openout2 = `Capitulos/ConclusionsFutureWork.aux'.

 (./Capitulos/ConclusionsFutureWork.tex [48




]
Chapter 5.
) [49]
LaTeX Info: Redefining \. on input line 160.
LaTeX Info: Redefining \% on input line 160.
\openout2 = `Capitulos/TrabajoIndividual.aux'.

 (./Capitulos/TrabajoIndividual.tex [50




]
Cap\'itulo 6.
[51])
LaTeX Info: Redefining \. on input line 162.
LaTeX Info: Redefining \% on input line 162.
 [52]
\openout2 = `Apendices/appendixA.aux'.

 (./Apendices/appendixA.tex
Ap\'{e}ndice A.
<./Archivos/mini_mental.pdf, id=917, 597.2212pt x 845.1374pt>
File: ./Archivos/mini_mental.pdf Graphic file (type pdf)
<use ./Archivos/mini_mental.pdf>
Package pdftex.def Info: ./Archivos/mini_mental.pdf  used on input line 10.
(pdftex.def)             Requested size: 597.21974pt x 845.13535pt.
File: ./Archivos/mini_mental.pdf Graphic file (type pdf)
<use ./Archivos/mini_mental.pdf>
Package pdftex.def Info: ./Archivos/mini_mental.pdf  used on input line 10.
(pdftex.def)             Requested size: 597.21974pt x 845.13535pt.
<./Archivos/mini_mental.pdf, id=920, page=1, 597.2212pt x 845.1374pt>
File: ./Archivos/mini_mental.pdf Graphic file (type pdf)
<use ./Archivos/mini_mental.pdf, page 1>
Package pdftex.def Info: ./Archivos/mini_mental.pdf , page1 used on input line 
10.
(pdftex.def)             Requested size: 597.21974pt x 418.34505pt.
File: ./Archivos/mini_mental.pdf Graphic file (type pdf)
<use ./Archivos/mini_mental.pdf, page 1>
Package pdftex.def Info: ./Archivos/mini_mental.pdf , page1 used on input line 
10.
(pdftex.def)             Requested size: 597.21974pt x 418.34505pt.
File: ./Archivos/mini_mental.pdf Graphic file (type pdf)
<use ./Archivos/mini_mental.pdf, page 1>
Package pdftex.def Info: ./Archivos/mini_mental.pdf , page1 used on input line 
10.
(pdftex.def)             Requested size: 597.21974pt x 418.34505pt.
File: ./Archivos/mini_mental.pdf Graphic file (type pdf)
<use ./Archivos/mini_mental.pdf, page 1>
Package pdftex.def Info: ./Archivos/mini_mental.pdf , page1 used on input line 
10.
(pdftex.def)             Requested size: 597.21974pt x 418.34505pt.
File: ./Archivos/mini_mental.pdf Graphic file (type pdf)
<use ./Archivos/mini_mental.pdf>
Package pdftex.def Info: ./Archivos/mini_mental.pdf  used on input line 16.
(pdftex.def)             Requested size: 597.21974pt x 845.13535pt.
File: ./Archivos/mini_mental.pdf Graphic file (type pdf)
<use ./Archivos/mini_mental.pdf>
Package pdftex.def Info: ./Archivos/mini_mental.pdf  used on input line 16.
(pdftex.def)             Requested size: 597.21974pt x 845.13535pt.
File: ./Archivos/mini_mental.pdf Graphic file (type pdf)
<use ./Archivos/mini_mental.pdf, page 1>
Package pdftex.def Info: ./Archivos/mini_mental.pdf , page1 used on input line 
16.
(pdftex.def)             Requested size: 597.21974pt x 446.79773pt.
File: ./Archivos/mini_mental.pdf Graphic file (type pdf)
<use ./Archivos/mini_mental.pdf, page 1>
Package pdftex.def Info: ./Archivos/mini_mental.pdf , page1 used on input line 
16.
(pdftex.def)             Requested size: 597.21974pt x 446.79773pt.
File: ./Archivos/mini_mental.pdf Graphic file (type pdf)
<use ./Archivos/mini_mental.pdf, page 1>
Package pdftex.def Info: ./Archivos/mini_mental.pdf , page1 used on input line 
16.
(pdftex.def)             Requested size: 597.21974pt x 418.34505pt.
[53




 <./Archivos/mini_mental.pdf>]
File: ./Archivos/mini_mental.pdf Graphic file (type pdf)
<use ./Archivos/mini_mental.pdf, page 1>
Package pdftex.def Info: ./Archivos/mini_mental.pdf , page1 used on input line 
16.
(pdftex.def)             Requested size: 597.21974pt x 446.79773pt.
File: ./Archivos/mini_mental.pdf Graphic file (type pdf)
<use ./Archivos/mini_mental.pdf, page 1>
Package pdftex.def Info: ./Archivos/mini_mental.pdf , page1 used on input line 
16.
(pdftex.def)             Requested size: 597.21974pt x 446.79773pt.
File: ./Archivos/mini_mental.pdf Graphic file (type pdf)
<use ./Archivos/mini_mental.pdf, page 1>
Package pdftex.def Info: ./Archivos/mini_mental.pdf , page1 used on input line 
16.
(pdftex.def)             Requested size: 597.21974pt x 446.79773pt.
 [54]
File: ./Archivos/mini_mental.pdf Graphic file (type pdf)
<use ./Archivos/mini_mental.pdf>
Package pdftex.def Info: ./Archivos/mini_mental.pdf  used on input line 20.
(pdftex.def)             Requested size: 597.21974pt x 845.13535pt.
File: ./Archivos/mini_mental.pdf Graphic file (type pdf)
<use ./Archivos/mini_mental.pdf>
Package pdftex.def Info: ./Archivos/mini_mental.pdf  used on input line 20.
(pdftex.def)             Requested size: 597.21974pt x 845.13535pt.
File: ./Archivos/mini_mental.pdf Graphic file (type pdf)
<use ./Archivos/mini_mental.pdf>
Package pdftex.def Info: ./Archivos/mini_mental.pdf  used on input line 20.
(pdftex.def)             Requested size: 597.21974pt x 845.13535pt.
<./Archivos/mini_mental.pdf, id=962, page=2, 597.2212pt x 845.1374pt>
File: ./Archivos/mini_mental.pdf Graphic file (type pdf)
<use ./Archivos/mini_mental.pdf, page 2>
Package pdftex.def Info: ./Archivos/mini_mental.pdf , page2 used on input line 
20.
(pdftex.def)             Requested size: 597.21974pt x 845.13535pt.
File: ./Archivos/mini_mental.pdf Graphic file (type pdf)
<use ./Archivos/mini_mental.pdf, page 2>
Package pdftex.def Info: ./Archivos/mini_mental.pdf , page2 used on input line 
20.
(pdftex.def)             Requested size: 597.21974pt x 845.13535pt.
File: ./Archivos/mini_mental.pdf Graphic file (type pdf)
<use ./Archivos/mini_mental.pdf, page 2>
Package pdftex.def Info: ./Archivos/mini_mental.pdf , page2 used on input line 
20.
(pdftex.def)             Requested size: 597.21974pt x 845.13535pt.
File: ./Archivos/mini_mental.pdf Graphic file (type pdf)
<use ./Archivos/mini_mental.pdf, page 2>
Package pdftex.def Info: ./Archivos/mini_mental.pdf , page2 used on input line 
20.
(pdftex.def)             Requested size: 597.21974pt x 845.13535pt.
File: ./Archivos/mini_mental.pdf Graphic file (type pdf)
<use ./Archivos/mini_mental.pdf, page 2>
Package pdftex.def Info: ./Archivos/mini_mental.pdf , page2 used on input line 
20.
(pdftex.def)             Requested size: 597.21974pt x 845.13535pt.
 [55 <./Archivos/mini_mental.pdf>]
<./Archivos/mini_mental.pdf, id=971, page=3, 597.2212pt x 845.1374pt>
File: ./Archivos/mini_mental.pdf Graphic file (type pdf)
<use ./Archivos/mini_mental.pdf, page 3>
Package pdftex.def Info: ./Archivos/mini_mental.pdf , page3 used on input line 
20.
(pdftex.def)             Requested size: 597.21974pt x 845.13535pt.
File: ./Archivos/mini_mental.pdf Graphic file (type pdf)
<use ./Archivos/mini_mental.pdf, page 3>
Package pdftex.def Info: ./Archivos/mini_mental.pdf , page3 used on input line 
20.
(pdftex.def)             Requested size: 597.21974pt x 845.13535pt.
File: ./Archivos/mini_mental.pdf Graphic file (type pdf)
<use ./Archivos/mini_mental.pdf, page 3>
Package pdftex.def Info: ./Archivos/mini_mental.pdf , page3 used on input line 
20.
(pdftex.def)             Requested size: 597.21974pt x 845.13535pt.

[56 <./Archivos/mini_mental.pdf>])
\openout2 = `Apendices/appendixB.aux'.

 (./Apendices/appendixB.tex
Ap\'{e}ndice B.

Underfull \hbox (badness 10000) in paragraph at lines 8--9

 []


Underfull \hbox (badness 10000) in paragraph at lines 10--11

 []


Underfull \hbox (badness 10000) in paragraph at lines 12--13

 []


Underfull \hbox (badness 10000) in paragraph at lines 15--16

 []


Underfull \vbox (badness 10000) has occurred while \output is active []

 [57




]
Underfull \hbox (badness 10000) in paragraph at lines 17--18

 []


Underfull \hbox (badness 10000) in paragraph at lines 19--20

 []


Underfull \hbox (badness 10000) in paragraph at lines 21--22

 []

LaTeX Info: Redefining \. on input line 25.
LaTeX Info: Redefining \% on input line 25.
[58]
Underfull \hbox (badness 10000) in paragraph at lines 29--30

 []


Underfull \hbox (badness 10000) in paragraph at lines 31--32

 []


Underfull \hbox (badness 10000) in paragraph at lines 33--34

 []


Underfull \hbox (badness 10000) in paragraph at lines 35--36

 []

LaTeX Info: Redefining \. on input line 39.
LaTeX Info: Redefining \% on input line 39.
[59]
Underfull \hbox (badness 10000) in paragraph at lines 40--41

 []


Underfull \hbox (badness 10000) in paragraph at lines 42--43

 []


Underfull \hbox (badness 10000) in paragraph at lines 44--45

 []


Underfull \hbox (badness 10000) in paragraph at lines 46--47

 []


Underfull \hbox (badness 10000) in paragraph at lines 48--49

 []


Underfull \hbox (badness 10000) in paragraph at lines 50--51

 []

LaTeX Info: Redefining \. on input line 51.
LaTeX Info: Redefining \% on input line 51.
[60]
LaTeX Info: Redefining \. on input line 60.
LaTeX Info: Redefining \% on input line 60.
 [61]
Underfull \hbox (badness 10000) in paragraph at lines 61--62

 []

LaTeX Info: Redefining \. on input line 71.
LaTeX Info: Redefining \% on input line 71.
[62]
Underfull \hbox (badness 10000) in paragraph at lines 79--80

 []

LaTeX Info: Redefining \. on input line 80.
LaTeX Info: Redefining \% on input line 80.
[63]
Underfull \hbox (badness 10000) in paragraph at lines 108--109

 []

LaTeX Info: Redefining \. on input line 109.
LaTeX Info: Redefining \% on input line 109.
[64]
Underfull \hbox (badness 10000) in paragraph at lines 110--111

 []


Underfull \hbox (badness 10000) in paragraph at lines 112--113

 []


Underfull \hbox (badness 10000) in paragraph at lines 114--115

 []


Underfull \hbox (badness 10000) in paragraph at lines 116--117

 []


Underfull \vbox (badness 10000) has occurred while \output is active []

LaTeX Info: Redefining \. on input line 117.
LaTeX Info: Redefining \% on input line 117.
 [65]
Underfull \hbox (badness 10000) in paragraph at lines 121--122

 []


Underfull \hbox (badness 10000) in paragraph at lines 123--124

 []


Underfull \hbox (badness 10000) in paragraph at lines 125--126

 []


Underfull \hbox (badness 10000) in paragraph at lines 127--128

 []


Underfull \vbox (badness 1038) has occurred while \output is active []

LaTeX Info: Redefining \. on input line 128.
LaTeX Info: Redefining \% on input line 128.
 [66]
Underfull \hbox (badness 10000) in paragraph at lines 133--134

 []


Underfull \hbox (badness 10000) in paragraph at lines 135--136

 []


Underfull \hbox (badness 10000) in paragraph at lines 137--138

 []


Underfull \vbox (badness 1077) has occurred while \output is active []

LaTeX Info: Redefining \. on input line 138.
LaTeX Info: Redefining \% on input line 138.
 [67]
Underfull \hbox (badness 10000) in paragraph at lines 142--143

 []


Underfull \hbox (badness 10000) in paragraph at lines 144--145

 []

LaTeX Info: Redefining \. on input line 145.
LaTeX Info: Redefining \% on input line 145.
[68]
Underfull \hbox (badness 10000) in paragraph at lines 155--156

 []


Underfull \hbox (badness 10000) in paragraph at lines 157--158

 []


Underfull \hbox (badness 10000) in paragraph at lines 159--160

 []

LaTeX Info: Redefining \. on input line 162.
LaTeX Info: Redefining \% on input line 162.
[69]
Underfull \hbox (badness 10000) in paragraph at lines 164--165

 []


Underfull \hbox (badness 10000) in paragraph at lines 169--170

 []


Underfull \hbox (badness 10000) in paragraph at lines 171--172

 []

LaTeX Info: Redefining \. on input line 172.
LaTeX Info: Redefining \% on input line 172.
[70]
Underfull \hbox (badness 10000) in paragraph at lines 173--174

 []


Underfull \hbox (badness 10000) in paragraph at lines 175--176

 []


Underfull \hbox (badness 10000) in paragraph at lines 177--178

 []


Underfull \hbox (badness 10000) in paragraph at lines 179--180

 []


Underfull \hbox (badness 10000) in paragraph at lines 181--182

 []


Underfull \hbox (badness 10000) in paragraph at lines 183--184

 []


Underfull \vbox (badness 10000) has occurred while \output is active []

LaTeX Info: Redefining \. on input line 188.
LaTeX Info: Redefining \% on input line 188.
 [71]
Underfull \hbox (badness 10000) in paragraph at lines 190--191

 []


Underfull \hbox (badness 10000) in paragraph at lines 192--193

 []


Underfull \hbox (badness 10000) in paragraph at lines 194--195

 []


Underfull \hbox (badness 10000) in paragraph at lines 200--201

 []

LaTeX Info: Redefining \. on input line 203.
LaTeX Info: Redefining \% on input line 203.
[72])
LaTeX Info: Redefining \. on input line 167.
LaTeX Info: Redefining \% on input line 167.
 [73] [74



]
\openout2 = `Cascaras/bibliografia.aux'.

 (./Cascaras/bibliografia.tex (./TFMTeXiS.bbl
Underfull \hbox (badness 1424) in paragraph at lines 21--29
[]\T1/cmr/m/sc/10.95 Irazoki, E.\T1/cmr/m/n/10.95 , \T1/cmr/m/sc/10.95 García-C
asal, J. A.\T1/cmr/m/n/10.95 , \T1/cmr/m/sc/10.95 Sanchez-Meca, J. \T1/cmr/m/n/
10.95 y \T1/cmr/m/sc/10.95 Fran-
 []


Underfull \hbox (badness 1655) in paragraph at lines 21--29
\T1/cmr/m/sc/10.95 co, M.  \T1/cmr/m/n/10.95 Efi-ca-cia de la te-ra-pia de re-m
i-nis-cen-cia gru-pal en per-
 []


Underfull \hbox (badness 5189) in paragraph at lines 21--29
\T1/cmr/m/n/10.95 so-nas con de-men-cia. re-vi-sión sis-te-má-ti-ca y me-ta-aná
-li-sis.  \T1/cmr/m/it/10.95 Re-
 []


Underfull \hbox (badness 4036) in paragraph at lines 21--29
\T1/cmr/m/it/10.95 vis-ta de neu-ro-lo-gía\T1/cmr/m/n/10.95 , vol. 65, pá-gi-na
s 447--456, 2017.  Dis-po-ni-
 []


Underfull \hbox (badness 10000) in paragraph at lines 21--29
\T1/cmr/m/n/10.95 ble en []$\T1/cmtt/m/n/10.95 https : / / www . researchgate .
 net / publication / 321165965 _
 []


Underfull \hbox (badness 10000) in paragraph at lines 21--29
\T1/cmtt/m/n/10.95 Eficacia _ de _ la _ terapia _ de _ reminiscencia _ grupal _
 en _ personas _
 []

[75


]))
LaTeX Info: Redefining \. on input line 179.
LaTeX Info: Redefining \% on input line 179.
 [76]
\openout2 = `Cascaras/fin.aux'.

 (./Cascaras/fin.tex [77



] [78]) (./TFMTeXiS.aux
(./Cascaras/cover.aux)
LaTeX Info: Redefining \. on input line 27.
LaTeX Info: Redefining \% on input line 27.
 (./Cascaras/autorizacion.aux)
(./Cascaras/dedicatoria.aux) (./Cascaras/agradecimientos.aux)
(./Cascaras/resumen.aux) (./Cascaras/abstract.aux) (./TeXiS/TeXiS_toc.aux)
LaTeX Info: Redefining \. on input line 35.
LaTeX Info: Redefining \% on input line 35.

(./Capitulos/Introduccion.aux) (./Capitulos/Introduction.aux)
(./Capitulos/EstadoDeLaCuestion.aux)
LaTeX Info: Redefining \. on input line 40.
LaTeX Info: Redefining \% on input line 40.
 (./Capitulos/PropuestaDelTFG.aux)
(./Capitulos/Evaluaciones.aux) (./Capitulos/ConclusionesTrabajoFuturo.aux)
(./Capitulos/ConclusionsFutureWork.aux) (./Capitulos/TrabajoIndividual.aux)
LaTeX Info: Redefining \. on input line 47.
LaTeX Info: Redefining \% on input line 47.

(./Apendices/appendixA.aux) (./Apendices/appendixB.aux)
(./Cascaras/bibliografia.aux) (./Cascaras/fin.aux))
Package rerunfilecheck Info: File `TFMTeXiS.out' has not changed.
(rerunfilecheck)             Checksum: BD6507F7F4DA6BF8C681C9DBE8B914B6;20684.
 ) 
Here is how much of TeX's memory you used:
 16708 strings out of 478994
 256210 string characters out of 5858185
 749757 words of memory out of 5000000
 33243 multiletter control sequences out of 15000+600000
 424605 words of font info for 63 fonts, out of 8000000 for 9000
 1379 hyphenation exceptions out of 8191
 105i,19n,107p,1455b,761s stack positions out of 5000i,500n,10000p,200000b,80000s
{/usr/local/texlive/2021/texmf-dist/fonts/enc/dvips/cm-super/cm-super-t1.enc}
{/usr/local/texlive/2021/texmf-dist/fonts/enc/dvips/cm-super/cm-super-ts1.enc}{
/usr/local/texlive/2021/texmf-dist/fonts/enc/dvips/base/8r.enc}</usr/local/texl
ive/2021/texmf-dist/fonts/type1/public/amsfonts/cm/cmsy10.pfb></usr/local/texli
ve/2021/texmf-dist/fonts/type1/public/cm-super/sfbx1095.pfb></usr/local/texlive
/2021/texmf-dist/fonts/type1/public/cm-super/sfbx1200.pfb></usr/local/texlive/2
021/texmf-dist/fonts/type1/public/cm-super/sfbx1440.pfb></usr/local/texlive/202
1/texmf-dist/fonts/type1/public/cm-super/sfbx2074.pfb></usr/local/texlive/2021/
texmf-dist/fonts/type1/public/cm-super/sfcc1095.pfb></usr/local/texlive/2021/te
xmf-dist/fonts/type1/public/cm-super/sfrm0600.pfb></usr/local/texlive/2021/texm
f-dist/fonts/type1/public/cm-super/sfrm0800.pfb></usr/local/texlive/2021/texmf-
dist/fonts/type1/public/cm-super/sfrm0900.pfb></usr/local/texlive/2021/texmf-di
st/fonts/type1/public/cm-super/sfrm1000.pfb></usr/local/texlive/2021/texmf-dist
/fonts/type1/public/cm-super/sfrm1095.pfb></usr/local/texlive/2021/texmf-dist/f
onts/type1/public/cm-super/sfrm1200.pfb></usr/local/texlive/2021/texmf-dist/fon
ts/type1/public/cm-super/sfrm2488.pfb></usr/local/texlive/2021/texmf-dist/fonts
/type1/public/cm-super/sfti1000.pfb></usr/local/texlive/2021/texmf-dist/fonts/t
ype1/public/cm-super/sfti1095.pfb></usr/local/texlive/2021/texmf-dist/fonts/typ
e1/public/cm-super/sfti1200.pfb></usr/local/texlive/2021/texmf-dist/fonts/type1
/public/cm-super/sftt1095.pfb></usr/local/texlive/2021/texmf-dist/fonts/type1/u
rw/helvetic/uhvr8a.pfb></usr/local/texlive/2021/texmf-dist/fonts/type1/urw/time
s/utmr8a.pfb>
Output written on TFMTeXiS.pdf (100 pages, 3272260 bytes).
PDF statistics:
 1198 PDF objects out of 1200 (max. 8388607)
 981 compressed objects within 10 object streams
 237 named destinations out of 1000 (max. 500000)
 818 words of extra memory for PDF output out of 10000 (max. 10000000)

