\BOOKMARK [0][-]{titulo.0}{\376\377\000P\000\341\000g\000i\000n\000a\000\040\000d\000e\000\040\000T\000\355\000t\000u\000l\000o}{}% 1
\BOOKMARK [0][-]{indices.0}{\376\377\000\315\000n\000d\000i\000c\000e\000s}{}% 2
\BOOKMARK [1][-]{tabla de contenidos.1}{\376\377\000T\000a\000b\000l\000a\000\040\000d\000e\000\040\000C\000o\000n\000t\000e\000n\000i\000d\000o\000s}{indices.0}% 3
\BOOKMARK [1][-]{indice de figuras.1}{\376\377\000\315\000n\000d\000i\000c\000e\000\040\000d\000e\000\040\000f\000i\000g\000u\000r\000a\000s}{indices.0}% 4
\BOOKMARK [1][-]{indice de tablas.1}{\376\377\000\315\000n\000d\000i\000c\000e\000\040\000d\000e\000\040\000t\000a\000b\000l\000a\000s}{indices.0}% 5
\BOOKMARK [0][-]{chapter.9}{\376\377\000I\000n\000t\000r\000o\000d\000u\000c\000c\000i\000\363\000n}{}% 6
\BOOKMARK [1][-]{section.10}{\376\377\000M\000o\000t\000i\000v\000a\000c\000i\000\363\000n}{chapter.9}% 7
\BOOKMARK [1][-]{section.11}{\376\377\000O\000b\000j\000e\000t\000i\000v\000o\000s}{chapter.9}% 8
\BOOKMARK [1][-]{section.12}{\376\377\000M\000e\000t\000o\000d\000o\000l\000o\000g\000\355\000a}{chapter.9}% 9
\BOOKMARK [1][-]{section.18}{\376\377\000E\000s\000t\000r\000u\000c\000t\000u\000r\000a\000\040\000d\000e\000\040\000l\000a\000\040\000M\000e\000m\000o\000r\000i\000a}{chapter.9}% 10
\BOOKMARK [0][-]{chapter.19}{\376\377\000I\000n\000t\000r\000o\000d\000u\000c\000t\000i\000o\000n}{}% 11
\BOOKMARK [0][-]{chapter.20}{\376\377\000E\000s\000t\000a\000d\000o\000\040\000d\000e\000\040\000l\000a\000\040\000C\000u\000e\000s\000t\000i\000\363\000n}{}% 12
\BOOKMARK [1][-]{section.21}{\376\377\000E\000n\000f\000e\000r\000m\000e\000d\000a\000d\000\040\000d\000e\000l\000\040\000A\000l\000z\000h\000e\000i\000m\000e\000r}{chapter.20}% 13
\BOOKMARK [1][-]{section.29}{\376\377\000T\000e\000r\000a\000p\000i\000a\000s\000\040\000b\000a\000s\000a\000d\000a\000s\000\040\000e\000n\000\040\000r\000e\000m\000i\000n\000i\000s\000c\000e\000n\000c\000i\000a}{chapter.20}% 14
\BOOKMARK [1][-]{section.31}{\376\377\000H\000i\000s\000t\000o\000r\000i\000a\000s\000\040\000d\000e\000\040\000V\000i\000d\000a}{chapter.20}% 15
\BOOKMARK [1][-]{section.34}{\376\377\000T\000r\000a\000b\000a\000j\000o\000s\000\040\000r\000e\000l\000a\000c\000i\000o\000n\000a\000d\000o\000s}{chapter.20}% 16
\BOOKMARK [2][-]{subsection.35}{\376\377\000G\000e\000n\000e\000r\000a\000c\000i\000\363\000n\000\040\000d\000e\000\040\000h\000i\000s\000t\000o\000r\000i\000a\000s\000\040\000a\000\040\000p\000a\000r\000t\000i\000r\000\040\000d\000e\000\040\000u\000n\000a\000\040\000b\000a\000s\000e\000\040\000d\000e\000\040\000c\000o\000n\000o\000c\000i\000m\000i\000e\000n\000t\000o}{section.34}% 17
\BOOKMARK [2][-]{subsection.41}{\376\377\000E\000x\000t\000r\000a\000c\000c\000i\000\363\000n\000\040\000d\000e\000\040\000i\000n\000f\000o\000r\000m\000a\000c\000i\000\363\000n\000\040\000p\000e\000r\000s\000o\000n\000a\000l\000\040\000a\000\040\000p\000a\000r\000t\000i\000r\000\040\000d\000e\000\040\000r\000e\000d\000e\000s\000\040\000s\000o\000c\000i\000a\000l\000e\000s\000\040\000p\000a\000r\000a\000\040\000l\000a\000\040\000c\000r\000e\000a\000c\000i\000\363\000n\000\040\000d\000e\000\040\000u\000n\000\040\000l\000i\000b\000r\000o\000\040\000d\000e\000\040\000v\000i\000d\000a}{section.34}% 18
\BOOKMARK [2][-]{subsection.50}{\376\377\000S\000i\000s\000t\000e\000m\000a\000\040\000d\000e\000\040\000a\000s\000i\000s\000t\000e\000n\000c\000i\000a\000\040\000p\000a\000r\000a\000\040\000c\000u\000i\000d\000a\000d\000o\000\040\000d\000e\000\040\000e\000n\000f\000e\000r\000m\000o\000s\000\040\000c\000o\000n\000\040\000a\000l\000z\000h\000\351\000i\000m\000e\000r}{section.34}% 19
\BOOKMARK [2][-]{subsection.66}{\376\377\000C\000o\000n\000c\000l\000u\000s\000i\000o\000n\000e\000s}{section.34}% 20
\BOOKMARK [0][-]{chapter.67}{\376\377\000R\000e\000c\000u\000\351\000r\000d\000a\000m\000e}{}% 21
\BOOKMARK [1][-]{section.68}{\376\377\000C\000a\000p\000t\000u\000r\000a\000\040\000d\000e\000\040\000R\000e\000q\000u\000i\000s\000i\000t\000o\000s}{chapter.67}% 22
\BOOKMARK [2][-]{subsection.73}{\376\377\000P\000r\000e\000p\000a\000r\000a\000c\000i\000\363\000n\000\040\000d\000e\000\040\000l\000a\000\040\000e\000n\000t\000r\000e\000v\000i\000s\000t\000a}{section.68}% 23
\BOOKMARK [2][-]{subsection.85}{\376\377\000E\000n\000t\000r\000e\000v\000i\000s\000t\000a\000\040\000a\000\040\000l\000a\000\040\000D\000r\000a\000.\000\040\000A\000d\000r\000i\000a\000n\000a\000\040\000I\000v\000e\000t\000t\000e\000\040\000\301\000v\000i\000l\000a\000\040\000\301\000l\000v\000a\000r\000e\000z}{section.68}% 24
\BOOKMARK [2][-]{subsection.87}{\376\377\000E\000n\000t\000r\000e\000v\000i\000s\000t\000a\000\040\000a\000\040\000e\000l\000\040\000D\000r\000.\000\040\000I\000v\000\341\000n\000\040\000D\000e\000\040\000R\000o\000s\000e\000n\000d\000e\000\040\000C\000e\000l\000e\000i\000r\000o}{section.68}% 25
\BOOKMARK [2][-]{subsection.89}{\376\377\000R\000e\000q\000u\000i\000s\000i\000t\000o\000s\000\040\000o\000b\000t\000e\000n\000i\000d\000o\000s}{section.68}% 26
\BOOKMARK [0][-]{chapter.94}{\376\377\000E\000v\000a\000l\000u\000a\000c\000i\000\363\000n}{}% 27
\BOOKMARK [0][-]{chapter.95}{\376\377\000C\000o\000n\000c\000l\000u\000s\000i\000o\000n\000e\000s\000\040\000y\000\040\000T\000r\000a\000b\000a\000j\000o\000\040\000F\000u\000t\000u\000r\000o}{}% 28
\BOOKMARK [1][-]{section.96}{\376\377\000C\000o\000n\000c\000l\000u\000s\000i\000o\000n\000e\000s}{chapter.95}% 29
\BOOKMARK [1][-]{section.97}{\376\377\000T\000r\000a\000b\000a\000j\000o\000\040\000f\000u\000t\000u\000r\000o}{chapter.95}% 30
\BOOKMARK [0][-]{chapter.98}{\376\377\000C\000o\000n\000c\000l\000u\000s\000i\000o\000n\000s\000\040\000a\000n\000d\000\040\000F\000u\000t\000u\000r\000e\000\040\000W\000o\000r\000k}{}% 31
\BOOKMARK [0][-]{chapter.99}{\376\377\000T\000r\000a\000b\000a\000j\000o\000\040\000I\000n\000d\000i\000v\000i\000d\000u\000a\000l}{}% 32
\BOOKMARK [1][-]{section.100}{\376\377\000C\000r\000i\000s\000t\000i\000n\000a\000\040\000B\000a\000r\000q\000u\000i\000l\000l\000a\000\040\000B\000l\000a\000n\000c\000o}{chapter.99}% 33
\BOOKMARK [1][-]{section.101}{\376\377\000P\000a\000t\000r\000i\000c\000i\000a\000\040\000D\000\355\000e\000z\000\040\000G\000a\000r\000c\000\355\000a}{chapter.99}% 34
\BOOKMARK [1][-]{section.102}{\376\377\000S\000a\000n\000t\000i\000a\000g\000o\000\040\000M\000a\000r\000c\000o\000\040\000M\000u\000l\000a\000s\000\040\000L\000\363\000p\000e\000z}{chapter.99}% 35
\BOOKMARK [1][-]{section.103}{\376\377\000E\000v\000a\000\040\000V\000e\000r\000d\000\372\000\040\000R\000o\000d\000r\000\355\000g\000u\000e\000z}{chapter.99}% 36
\BOOKMARK [0][-]{chapter*.104}{\376\377\000B\000i\000b\000l\000i\000o\000g\000r\000a\000f\000\355\000a}{}% 37
\BOOKMARK [0][-]{appendix.105}{\376\377\000M\000i\000n\000i\000m\000e\000n\000t\000a\000l\000,\000\040\000T\000e\000s\000t\000\040\000d\000e\000\040\000L\000o\000b\000o}{}% 38
\BOOKMARK [0][-]{appendix.107}{\376\377\000T\000r\000a\000n\000s\000c\000r\000i\000p\000c\000i\000o\000n\000e\000s\000\040\000e\000n\000t\000r\000e\000v\000i\000s\000t\000a\000s}{}% 39
\BOOKMARK [1][-]{section.108}{\376\377\000T\000r\000a\000n\000s\000c\000r\000i\000p\000c\000i\000\363\000n\000\040\000d\000e\000\040\000l\000a\000\040\000e\000n\000t\000r\000e\000v\000i\000s\000t\000a\000\040\000a\000\040\000A\000d\000r\000i\000a\000n\000a}{appendix.107}% 40
\BOOKMARK [2][-]{subsection.109}{\376\377\000\277\000Q\000u\000\351\000\040\000e\000s\000\040\000l\000a\000\040\000t\000e\000r\000a\000p\000i\000a\000\040\000d\000e\000\040\000r\000e\000m\000i\000n\000i\000s\000c\000e\000n\000c\000i\000a\000?}{section.108}% 41
\BOOKMARK [2][-]{subsection.110}{\376\377\000\277\000C\000\363\000m\000o\000\040\000e\000s\000\040\000e\000l\000\040\000f\000l\000u\000j\000o\000\040\000d\000e\000\040\000t\000r\000a\000b\000a\000j\000o\000\040\000d\000e\000\040\000u\000n\000a\000\040\000t\000e\000r\000a\000p\000i\000a\000?}{section.108}% 42
\BOOKMARK [2][-]{subsection.111}{\376\377\000\277\000Q\000u\000i\000\351\000n\000\040\000s\000e\000\040\000b\000e\000n\000e\000f\000i\000c\000i\000a\000\040\000d\000e\000\040\000e\000s\000t\000a\000\040\000a\000p\000l\000i\000c\000a\000c\000i\000\363\000n\000?}{section.108}% 43
\BOOKMARK [2][-]{subsection.112}{\376\377\000\277\000Q\000u\000\351\000\040\000e\000s\000\040\000u\000n\000a\000\040\000h\000i\000s\000t\000o\000r\000i\000a\000\040\000d\000e\000\040\000v\000i\000d\000a\000\040\000?}{section.108}% 44
\BOOKMARK [2][-]{subsection.113}{\376\377\000U\000n\000a\000\040\000v\000e\000z\000\040\000t\000e\000n\000\351\000i\000s\000\040\000r\000e\000c\000o\000p\000i\000l\000a\000d\000a\000\040\000e\000s\000t\000a\000\040\000i\000n\000f\000o\000r\000m\000a\000c\000i\000\363\000n\000\040\000\277\000C\000\363\000m\000o\000\040\000l\000a\000\040\000u\000s\000a\000i\000s\000\040\000e\000n\000\040\000t\000e\000r\000a\000p\000i\000a\000?}{section.108}% 45
\BOOKMARK [2][-]{subsection.114}{\376\377\000S\000i\000\040\000e\000l\000\040\000p\000a\000c\000i\000e\000n\000t\000e\000\040\000y\000a\000\040\000n\000o\000\040\000s\000e\000\040\000p\000u\000d\000i\000e\000r\000a\000\040\000r\000e\000a\000l\000i\000z\000a\000r\000\040\000a\000l\000g\000\372\000n\000\040\000o\000b\000j\000e\000t\000i\000v\000o\000\040\000o\000\040\000a\000l\000g\000\372\000n\000\040\000i\000n\000t\000e\000r\000\351\000s\000\040\000\277\000Q\000u\000\351\000\040\000s\000e\000\040\000h\000a\000c\000e\000\040\000c\000o\000n\000\040\000l\000a\000\040\000i\000n\000f\000o\000r\000m\000a\000c\000i\000\363\000n\000\040\000r\000e\000c\000o\000g\000i\000d\000a\000?}{section.108}% 46
\BOOKMARK [2][-]{subsection.115}{\376\377\000\277\000S\000e\000r\000\355\000a\000\040\000i\000m\000p\000o\000r\000t\000a\000n\000t\000e\000\040\000q\000u\000e\000\040\000l\000o\000s\000\040\000r\000e\000c\000u\000e\000r\000d\000o\000s\000\040\000s\000e\000\040\000d\000i\000v\000i\000d\000i\000e\000r\000a\000n\000\040\000p\000o\000r\000\040\000i\000n\000t\000e\000r\000e\000s\000e\000s\000\040\000y\000\040\000s\000i\000\040\000e\000x\000i\000s\000t\000e\000n\000\040\000c\000a\000t\000e\000g\000o\000r\000\355\000a\000s\000\040\000f\000i\000j\000a\000s\000?}{section.108}% 47
\BOOKMARK [2][-]{subsection.116}{\376\377\000A\000n\000t\000e\000s\000\040\000d\000e\000\040\000p\000r\000e\000p\000a\000r\000a\000r\000\040\000u\000n\000a\000\040\000s\000e\000s\000i\000\363\000n\000,\000\040\000\277\000Q\000u\000\351\000\040\000m\000i\000r\000a\000s\000\040\000e\000n\000\040\000l\000a\000\040\000h\000i\000s\000t\000o\000r\000i\000a\000\040\000d\000e\000\040\000v\000i\000d\000a\000?}{section.108}% 48
\BOOKMARK [2][-]{subsection.117}{\376\377\000\277\000R\000e\000u\000t\000i\000l\000i\000z\000a\000s\000\040\000m\000a\000t\000e\000r\000i\000a\000l\000\040\000d\000e\000\040\000s\000e\000s\000i\000o\000n\000e\000s\000\040\000c\000o\000n\000\040\000o\000t\000r\000o\000s\000\040\000p\000a\000c\000i\000e\000n\000t\000e\000s\000?}{section.108}% 49
\BOOKMARK [2][-]{subsection.118}{\376\377\000\277\000Q\000u\000\351\000\040\000i\000n\000f\000o\000r\000m\000a\000c\000i\000\363\000n\000\040\000e\000s\000p\000e\000r\000a\000\040\000e\000n\000c\000o\000n\000t\000r\000a\000r\000\040\000a\000\040\000l\000a\000\040\000h\000o\000r\000a\000\040\000d\000e\000\040\000l\000a\000\040\000b\000\372\000s\000q\000u\000e\000d\000a\000\040\000d\000e\000\040\000e\000t\000i\000q\000u\000e\000t\000a\000s\000?}{section.108}% 50
\BOOKMARK [2][-]{subsection.119}{\376\377\000\277\000Q\000u\000\351\000\040\000d\000i\000s\000p\000o\000s\000i\000t\000i\000v\000o\000s\000\040\000s\000o\000n\000\040\000l\000o\000s\000\040\000q\000u\000e\000\040\000m\000\341\000s\000\040\000u\000t\000i\000l\000i\000z\000a\000\040\000a\000\040\000l\000a\000\040\000h\000o\000r\000a\000\040\000d\000e\000\040\000r\000e\000a\000l\000i\000z\000a\000r\000\040\000s\000e\000s\000i\000o\000n\000e\000s\000?}{section.108}% 51
\BOOKMARK [2][-]{subsection.120}{\376\377\000\277\000G\000u\000a\000r\000d\000a\000s\000\040\000l\000a\000s\000\040\000e\000m\000o\000c\000i\000o\000n\000e\000s\000\040\000s\000a\000c\000a\000d\000a\000s\000\040\000d\000e\000\040\000l\000a\000s\000\040\000s\000e\000s\000i\000o\000n\000e\000s\000\040\000c\000o\000n\000\040\000l\000o\000s\000\040\000p\000a\000c\000i\000e\000n\000t\000e\000s\000?}{section.108}% 52
\BOOKMARK [2][-]{subsection.121}{\376\377\000\277\000L\000a\000\040\000a\000p\000l\000i\000c\000a\000c\000i\000\363\000n\000\040\000s\000e\000r\000\355\000a\000\040\000d\000e\000\040\000u\000t\000i\000l\000i\000d\000a\000d\000\040\000s\000o\000l\000o\000\040\000p\000a\000r\000a\000\040\000u\000s\000t\000e\000d\000e\000s\000,\000\040\000l\000o\000s\000\040\000t\000e\000r\000a\000p\000e\000u\000t\000a\000s\000,\000\040\000o\000\040\000t\000a\000m\000b\000i\000\351\000n\000\040\000s\000e\000r\000\355\000a\000\040\000\372\000t\000i\000l\000\040\000p\000a\000r\000a\000\040\000f\000a\000m\000i\000l\000i\000a\000r\000e\000s\000?}{section.108}% 53
\BOOKMARK [2][-]{subsection.122}{\376\377\0001\0003\000-\000\040\000U\000n\000a\000\040\000v\000e\000z\000\040\000r\000e\000g\000i\000s\000t\000r\000a\000d\000a\000s\000\040\000t\000o\000d\000a\000s\000\040\000l\000a\000s\000\040\000h\000i\000s\000t\000o\000r\000i\000a\000s\000\040\000d\000e\000\040\000v\000i\000d\000a\000.\000\040\000\277\000C\000\363\000m\000o\000\040\000l\000e\000\040\000g\000u\000s\000t\000a\000r\000\355\000a\000\040\000q\000u\000e\000\040\000s\000e\000\040\000m\000o\000s\000t\000r\000a\000r\000\341\000n\000\040\000e\000n\000\040\000l\000a\000\040\000a\000p\000l\000i\000c\000a\000c\000i\000\363\000n\000?}{section.108}% 54
\BOOKMARK [2][-]{subsection.123}{\376\377\000\277\000E\000s\000\040\000n\000e\000c\000e\000s\000a\000r\000i\000o\000\040\000u\000n\000a\000s\000\040\000e\000s\000t\000a\000d\000\355\000s\000t\000i\000c\000a\000s\000\040\000p\000a\000r\000a\000\040\000v\000e\000r\000\040\000c\000o\000m\000o\000\040\000v\000a\000\040\000e\000v\000o\000l\000u\000c\000i\000o\000n\000a\000n\000d\000o\000\040\000e\000l\000\040\000p\000a\000c\000i\000e\000n\000t\000e\000?}{section.108}% 55
\BOOKMARK [2][-]{subsection.124}{\376\377\000\277\000Q\000u\000\351\000\040\000i\000n\000f\000o\000r\000m\000a\000c\000i\000\363\000n\000\040\000s\000e\000\040\000p\000o\000n\000e\000\040\000e\000n\000\040\000l\000o\000s\000\040\000i\000n\000f\000o\000r\000m\000e\000s\000\040\000d\000e\000\040\000s\000e\000g\000u\000i\000m\000i\000e\000n\000t\000o\000?}{section.108}% 56
\BOOKMARK [2][-]{subsection.125}{\376\377\000\277\000L\000o\000s\000\040\000p\000a\000c\000i\000e\000n\000t\000e\000s\000\040\000s\000o\000n\000\040\000s\000o\000l\000a\000m\000e\000n\000t\000e\000\040\000t\000r\000a\000t\000a\000d\000o\000s\000\040\000p\000o\000r\000\040\000u\000n\000\040\000\372\000n\000i\000c\000o\000\040\000t\000e\000r\000a\000p\000e\000u\000t\000a\000?}{section.108}% 57
\BOOKMARK [1][-]{section.126}{\376\377\000T\000r\000a\000n\000s\000c\000r\000i\000p\000c\000i\000\363\000n\000\040\000d\000e\000\040\000l\000a\000\040\000e\000n\000t\000r\000e\000v\000i\000s\000t\000a\000\040\000a\000\040\000I\000v\000\341\000n}{appendix.107}% 58
\BOOKMARK [2][-]{subsection.127}{\376\377\000\277\000Q\000u\000\351\000\040\000e\000s\000\040\000l\000a\000\040\000t\000e\000r\000a\000p\000i\000a\000\040\000d\000e\000\040\000r\000e\000m\000i\000n\000i\000s\000c\000e\000n\000c\000i\000a\000?}{section.126}% 59
\BOOKMARK [2][-]{subsection.128}{\376\377\000\277\000Q\000u\000\351\000\040\000e\000s\000\040\000u\000n\000a\000\040\000h\000i\000s\000t\000o\000r\000i\000a\000\040\000d\000e\000\040\000v\000i\000d\000a\000\040\000?}{section.126}% 60
\BOOKMARK [2][-]{subsection.129}{\376\377\000\277\000C\000\363\000m\000o\000\040\000s\000e\000r\000\355\000a\000\040\000e\000s\000e\000\040\000f\000l\000u\000j\000o\000\040\000d\000e\000\040\000t\000r\000a\000b\000a\000j\000o\000\040\000d\000e\000s\000d\000e\000\040\000q\000u\000e\000\040\000l\000l\000e\000g\000a\000\040\000u\000n\000\040\000p\000a\000c\000i\000e\000n\000t\000e\000,\000\040\000s\000e\000\040\000r\000e\000g\000i\000s\000t\000r\000a\000\040\000t\000o\000d\000a\000\040\000l\000a\000\040\000i\000n\000f\000o\000r\000m\000a\000c\000i\000\363\000n\000\040\000q\000u\000e\000\040\000e\000l\000l\000o\000s\000\040\000d\000a\000n\000\040\000y\000\040\000l\000u\000e\000g\000o\000\040\000s\000e\000\040\000u\000t\000i\000l\000i\000z\000a\000\040\000e\000n\000\040\000u\000n\000a\000\040\000s\000e\000s\000i\000\363\000n\000\040\000c\000o\000n\000\040\000e\000l\000l\000o\000s\000?}{section.126}% 61
\BOOKMARK [2][-]{subsection.130}{\376\377\000\277\000O\000s\000\040\000s\000e\000r\000\355\000a\000\040\000\372\000t\000i\000l\000\040\000h\000a\000c\000e\000r\000\040\000d\000e\000t\000e\000r\000m\000i\000n\000a\000d\000a\000s\000\040\000b\000\372\000s\000q\000u\000e\000d\000a\000s\000\040\000p\000a\000r\000a\000\040\000e\000n\000c\000o\000n\000t\000r\000a\000r\000,\000\040\000p\000o\000r\000\040\000e\000j\000e\000m\000p\000l\000o\000,\000\040\000c\000o\000s\000a\000s\000\040\000d\000e\000\040\000l\000a\000\040\000i\000n\000f\000a\000n\000c\000i\000a\000,\000\040\000d\000e\000\040\000l\000a\000\040\000e\000d\000a\000d\000\040\000a\000d\000u\000l\000t\000a\000\040\000y\000\040\000q\000u\000e\000\040\000l\000o\000\040\000p\000o\000n\000g\000a\000m\000o\000s\000\040\000c\000o\000n\000\040\000e\000t\000i\000q\000u\000e\000t\000a\000s\000\040\000o\000\040\000a\000l\000g\000o\000\040\000p\000o\000r\000\040\000e\000l\000\040\000e\000s\000t\000i\000l\000o\000?}{section.126}% 62
\BOOKMARK [2][-]{subsection.131}{\376\377\000U\000n\000a\000\040\000d\000u\000d\000a\000\040\000q\000u\000e\000\040\000s\000u\000r\000g\000e\000\040\000a\000\040\000p\000a\000r\000t\000i\000r\000\040\000d\000e\000\040\000l\000o\000\040\000d\000e\000l\000\040\000g\000r\000a\000d\000o\000,\000\040\000\277\000s\000e\000g\000\372\000n\000\040\000e\000l\000\040\000G\000D\000S\000\040\000l\000a\000s\000\040\000s\000e\000s\000i\000o\000n\000e\000s\000\040\000s\000o\000n\000\040\000d\000i\000s\000t\000i\000n\000t\000a\000s\000\040\000o\000\040\000l\000a\000\040\000i\000n\000f\000o\000r\000m\000a\000c\000i\000\363\000n\000\040\000q\000u\000e\000\040\000t\000r\000a\000n\000s\000m\000i\000t\000\355\000s\000\040\000a\000\040\000l\000o\000s\000\040\000p\000a\000c\000i\000e\000n\000t\000e\000s\000\040\000v\000a\000r\000\355\000a\000\040\000e\000n\000\040\000a\000l\000g\000o\000?}{section.126}% 63
\BOOKMARK [2][-]{subsection.132}{\376\377\000V\000i\000r\000g\000i\000n\000i\000a\000:\000\040\000\277\000S\000e\000\040\000g\000u\000a\000r\000d\000a\000b\000a\000n\000\040\000e\000t\000i\000q\000u\000e\000t\000a\000s\000\040\000e\000n\000\040\000l\000o\000s\000\040\000t\000f\000g\000\040\000a\000n\000t\000e\000r\000i\000o\000r\000e\000s\000?\000\040\000\050\000E\000m\000o\000c\000i\000\363\000n\000,\000\040\000r\000e\000c\000u\000e\000r\000d\000o\040\046\000\051}{section.126}% 64
\BOOKMARK [2][-]{subsection.133}{\376\377\000C\000o\000m\000e\000n\000t\000a\000r\000i\000o\000\040\000d\000e\000\040\000I\000v\000\341\000n}{section.126}% 65
\BOOKMARK [2][-]{subsection.134}{\376\377\000\277\000U\000n\000a\000\040\000v\000e\000z\000\040\000a\000c\000a\000b\000a\000d\000a\000s\000\040\000e\000s\000a\000s\000\040\000s\000e\000s\000i\000o\000n\000e\000s\000\040\000c\000\363\000m\000o\000\040\000s\000e\000\040\000h\000a\000c\000e\000\040\000e\000s\000a\000\040\000e\000v\000o\000l\000u\000c\000i\000\363\000n\000\040\000d\000e\000\040\000m\000e\000j\000o\000r\000a\000\040\000o\000\040\000e\000m\000p\000e\000o\000r\000a\000m\000i\000e\000n\000t\000o\000\040\000d\000e\000l\000\040\000p\000a\000c\000i\000e\000n\000t\000e\000\040\000y\000\040\000c\000\363\000m\000o\000\040\000s\000e\000\040\000r\000e\000c\000o\000g\000e\000r\000\355\000a\000\040\000e\000s\000a\000\040\000e\000v\000o\000l\000u\000c\000i\000\363\000n\000\040\000e\000n\000\040\000s\000e\000s\000i\000o\000n\000e\000s\000\040\000g\000r\000u\000p\000a\000l\000e\000s\000?}{section.126}% 66
\BOOKMARK [2][-]{subsection.135}{\376\377\000V\000a\000r\000i\000o\000s\000\040\000c\000o\000m\000e\000n\000t\000a\000r\000i\000o\000s\000\040\000d\000e\000\040\000I\000v\000\341\000n}{section.126}% 67
\BOOKMARK [2][-]{subsection.136}{\376\377\000\277\000Q\000u\000\351\000\040\000d\000i\000s\000p\000o\000s\000i\000t\000i\000v\000o\000\040\000t\000e\000\040\000s\000u\000e\000l\000e\000s\000\040\000l\000l\000e\000v\000a\000r\000\040\000p\000a\000r\000a\000\040\000h\000a\000c\000e\000r\000\040\000l\000a\000s\000\040\000t\000e\000r\000a\000p\000i\000a\000s\000\040\000d\000e\000\040\000v\000i\000d\000a\000?}{section.126}% 68
\BOOKMARK [0][-]{fin.0}{\376\377\000F\000i\000n}{}% 69
