This is pdfTeX, Version 3.141592653-2.6-1.40.24 (MiKTeX 22.1) (preloaded format=pdflatex 2022.2.24)  26 MAY 2022 17:44
entering extended mode
 restricted \write18 enabled.
 %&-line parsing enabled.
**./TeXiS_cover.tex
(TeXiS_cover.tex
LaTeX2e <2021-11-15> patch level 1
L3 programming layer <2022-02-21>)
! Emergency stop.
<*> ./TeXiS_cover.tex
                     
*** (job aborted, no legal \end found)

 
Here is how much of TeX's memory you used:
 59 strings out of 478584
 1176 string characters out of 2844401
 289223 words of memory out of 3000000
 18344 multiletter control sequences out of 15000+600000
 469259 words of font info for 28 fonts, out of 8000000 for 9000
 1141 hyphenation exceptions out of 8191
 13i,0n,12p,119b,10s stack positions out of 5000i,500n,10000p,200000b,80000s
!  ==> Fatal error occurred, no output PDF file produced!
